[Header]
Signature=VISE
Version=0001
RemoveInUseFiles=0
RegistryKeyName=Mediterranean Cruise Adventure
Product Name=Mediterranean Cruise Adventure
[WinNT]
AdminPrivileges=1
[Directories2]
0=C:\Program Files (x86)/Mediterranean Cruise Adventure
count=22
1=C:\Program Files (x86)/Mediterranean Cruise Adventure\coins
2=C:\Program Files (x86)/Mediterranean Cruise Adventure\gfx
3=C:\Program Files (x86)/Mediterranean Cruise Adventure\html
4=C:\Program Files (x86)/Mediterranean Cruise Adventure\library
5=C:\Program Files (x86)/Mediterranean Cruise Adventure\nepalpics
6=C:\Program Files (x86)/Mediterranean Cruise Adventure\pics
7=C:\Program Files (x86)/Mediterranean Cruise Adventure\popup
8=C:\Program Files (x86)/Mediterranean Cruise Adventure\unfiled or unused pics
9=C:\Program Files (x86)/Mediterranean Cruise Adventure\unfiled or unused pics\egypt
10=C:\Program Files (x86)/Mediterranean Cruise Adventure\unfiled or unused pics\~food
11=C:\Program Files (x86)/Mediterranean Cruise Adventure\unfiled or unused pics\~rhodes
12=C:\Program Files (x86)/Mediterranean Cruise Adventure\unfiled or unused pics\isreal
13=C:\Program Files (x86)/Mediterranean Cruise Adventure\unfiled or unused pics\athens
14=C:\Program Files (x86)/Mediterranean Cruise Adventure\unfiled or unused pics\~santorini
15=C:\Program Files (x86)/Mediterranean Cruise Adventure\unfiled or unused pics\~ephesus
16=C:\ProgramData
17=C:\ProgramData\Microsoft
18=C:\ProgramData\Microsoft\Windows
19=C:\ProgramData\Microsoft\Windows\Start Menu
20=C:\ProgramData\Microsoft\Windows\Start Menu\Programs
21=C:\ProgramData\Microsoft\Windows\Start Menu\Programs\Mediterranean Cruise Adventure
[Files]
count=919
0=C:\Program Files (x86)/Mediterranean Cruise Adventure\coins\coin1-a.jpg
1=C:\Program Files (x86)/Mediterranean Cruise Adventure\coins\coin1-b.jpg
2=C:\Program Files (x86)/Mediterranean Cruise Adventure\coins\coin2-a.jpg
3=C:\Program Files (x86)/Mediterranean Cruise Adventure\coins\coin2-b.jpg
4=C:\Program Files (x86)/Mediterranean Cruise Adventure\coins\coin3-a.jpg
5=C:\Program Files (x86)/Mediterranean Cruise Adventure\coins\coin3-b.jpg
6=C:\Program Files (x86)/Mediterranean Cruise Adventure\coins\coin4-a.jpg
7=C:\Program Files (x86)/Mediterranean Cruise Adventure\coins\coin4-b.jpg
8=C:\Program Files (x86)/Mediterranean Cruise Adventure\coins\coin5-a.jpg
9=C:\Program Files (x86)/Mediterranean Cruise Adventure\coins\coin5-b.jpg
10=C:\Program Files (x86)/Mediterranean Cruise Adventure\coins\coin6-a.jpg
11=C:\Program Files (x86)/Mediterranean Cruise Adventure\coins\coin6-b.jpg
12=C:\Program Files (x86)/Mediterranean Cruise Adventure\coins\coin7-a.jpg
13=C:\Program Files (x86)/Mediterranean Cruise Adventure\coins\coin7-b.jpg
14=C:\Program Files (x86)/Mediterranean Cruise Adventure\coins\coin8-a.jpg
15=C:\Program Files (x86)/Mediterranean Cruise Adventure\coins\coin8-b.jpg
16=C:\Program Files (x86)/Mediterranean Cruise Adventure\coins\back.jpg
17=C:\Program Files (x86)/Mediterranean Cruise Adventure\gfx\top-left.jpg
18=C:\Program Files (x86)/Mediterranean Cruise Adventure\gfx\top-right.jpg
19=C:\Program Files (x86)/Mediterranean Cruise Adventure\gfx\bot-left.jpg
20=C:\Program Files (x86)/Mediterranean Cruise Adventure\gfx\bot-right.jpg
21=C:\Program Files (x86)/Mediterranean Cruise Adventure\gfx\lrg-top-left.jpg
22=C:\Program Files (x86)/Mediterranean Cruise Adventure\gfx\main-chara.jpg
23=C:\Program Files (x86)/Mediterranean Cruise Adventure\gfx\lrg-top-right.jpg
24=C:\Program Files (x86)/Mediterranean Cruise Adventure\gfx\main-ephesus.jpg
25=C:\Program Files (x86)/Mediterranean Cruise Adventure\gfx\main-kusadasi.jpg
26=C:\Program Files (x86)/Mediterranean Cruise Adventure\gfx\screenshot-icon.jpg
27=C:\Program Files (x86)/Mediterranean Cruise Adventure\gfx\main-rhodes.jpg
28=C:\Program Files (x86)/Mediterranean Cruise Adventure\gfx\clonkovision.jpg
29=C:\Program Files (x86)/Mediterranean Cruise Adventure\gfx\other-clonkovision.jpg
30=C:\Program Files (x86)/Mediterranean Cruise Adventure\gfx\clonkovision-small.jpg
31=C:\Program Files (x86)/Mediterranean Cruise Adventure\gfx\cross.gif
32=C:\Program Files (x86)/Mediterranean Cruise Adventure\gfx\arrow-right.gif
33=C:\Program Files (x86)/Mediterranean Cruise Adventure\gfx\med-mot1.jpg
34=C:\Program Files (x86)/Mediterranean Cruise Adventure\gfx\top-bar.jpg
35=C:\Program Files (x86)/Mediterranean Cruise Adventure\gfx\sml-left-bar.jpg
36=C:\Program Files (x86)/Mediterranean Cruise Adventure\gfx\back.jpg
37=C:\Program Files (x86)/Mediterranean Cruise Adventure\gfx\sml-right-bar.jpg
38=C:\Program Files (x86)/Mediterranean Cruise Adventure\gfx\bot-bar.jpg
39=C:\Program Files (x86)/Mediterranean Cruise Adventure\gfx\lrg-top-bar.jpg
40=C:\Program Files (x86)/Mediterranean Cruise Adventure\gfx\left-bar.jpg
41=C:\Program Files (x86)/Mediterranean Cruise Adventure\gfx\right-bar.jpg
42=C:\Program Files (x86)/Mediterranean Cruise Adventure\gfx\title.jpg
43=C:\Program Files (x86)/Mediterranean Cruise Adventure\gfx\main-blank.jpg
44=C:\Program Files (x86)/Mediterranean Cruise Adventure\gfx\menu-pictures.jpg
45=C:\Program Files (x86)/Mediterranean Cruise Adventure\gfx\menu-text.jpg
46=C:\Program Files (x86)/Mediterranean Cruise Adventure\gfx\letterblank.gif
47=C:\Program Files (x86)/Mediterranean Cruise Adventure\gfx\w.gif
48=C:\Program Files (x86)/Mediterranean Cruise Adventure\gfx\arrow-left.gif
49=C:\Program Files (x86)/Mediterranean Cruise Adventure\gfx\main-istanbul.jpg
50=C:\Program Files (x86)/Mediterranean Cruise Adventure\gfx\main-textindex.jpg
51=C:\Program Files (x86)/Mediterranean Cruise Adventure\gfx\main-picindex.jpg
52=C:\Program Files (x86)/Mediterranean Cruise Adventure\gfx\ti-istanbul.jpg
53=C:\Program Files (x86)/Mediterranean Cruise Adventure\gfx\signature.jpg
54=C:\Program Files (x86)/Mediterranean Cruise Adventure\gfx\day-1.jpg
55=C:\Program Files (x86)/Mediterranean Cruise Adventure\gfx\day-2.jpg
56=C:\Program Files (x86)/Mediterranean Cruise Adventure\gfx\day-3.jpg
57=C:\Program Files (x86)/Mediterranean Cruise Adventure\gfx\main-grouproster.jpg
58=C:\Program Files (x86)/Mediterranean Cruise Adventure\gfx\ti-grouproster.jpg
59=C:\Program Files (x86)/Mediterranean Cruise Adventure\gfx\name-rogene.jpg
60=C:\Program Files (x86)/Mediterranean Cruise Adventure\gfx\name-heidi.jpg
61=C:\Program Files (x86)/Mediterranean Cruise Adventure\gfx\name-tyler.jpg
62=C:\Program Files (x86)/Mediterranean Cruise Adventure\gfx\name-drew.jpg
63=C:\Program Files (x86)/Mediterranean Cruise Adventure\gfx\name-nathan.jpg
64=C:\Program Files (x86)/Mediterranean Cruise Adventure\gfx\name-shelley.jpg
65=C:\Program Files (x86)/Mediterranean Cruise Adventure\gfx\name-john.jpg
66=C:\Program Files (x86)/Mediterranean Cruise Adventure\gfx\name-tim.jpg
67=C:\Program Files (x86)/Mediterranean Cruise Adventure\gfx\name-jan.jpg
68=C:\Program Files (x86)/Mediterranean Cruise Adventure\gfx\name-willy.jpg
69=C:\Program Files (x86)/Mediterranean Cruise Adventure\gfx\name-kerree.jpg
70=C:\Program Files (x86)/Mediterranean Cruise Adventure\gfx\ti-introduction.jpg
71=C:\Program Files (x86)/Mediterranean Cruise Adventure\gfx\ti-turkishlira.jpg
72=C:\Program Files (x86)/Mediterranean Cruise Adventure\gfx\reactions-istanbul.jpg
73=C:\Program Files (x86)/Mediterranean Cruise Adventure\gfx\ti-cruise.jpg
74=C:\Program Files (x86)/Mediterranean Cruise Adventure\gfx\main-turkishlira.jpg
75=C:\Program Files (x86)/Mediterranean Cruise Adventure\gfx\main-opinions.jpg
76=C:\Program Files (x86)/Mediterranean Cruise Adventure\gfx\main-pacificprincess.jpg
77=C:\Program Files (x86)/Mediterranean Cruise Adventure\gfx\main-cruise.jpg
78=C:\Program Files (x86)/Mediterranean Cruise Adventure\gfx\main-seaday.jpg
79=C:\Program Files (x86)/Mediterranean Cruise Adventure\gfx\main-haifa.jpg
80=C:\Program Files (x86)/Mediterranean Cruise Adventure\gfx\main-foodanddining.jpg
81=C:\Program Files (x86)/Mediterranean Cruise Adventure\gfx\clonkovision-small2.jpg
82=C:\Program Files (x86)/Mediterranean Cruise Adventure\gfx\main-coins.jpg
83=C:\Program Files (x86)/Mediterranean Cruise Adventure\gfx\librarycelus.jpg
84=C:\Program Files (x86)/Mediterranean Cruise Adventure\gfx\popupback.jpg
85=C:\Program Files (x86)/Mediterranean Cruise Adventure\gfx\spacer.jpg
86=C:\Program Files (x86)/Mediterranean Cruise Adventure\gfx\popuptallback.jpg
87=C:\Program Files (x86)/Mediterranean Cruise Adventure\gfx\popupmoneyback.jpg
88=C:\Program Files (x86)/Mediterranean Cruise Adventure\gfx\main-ashdod.jpg
89=C:\Program Files (x86)/Mediterranean Cruise Adventure\gfx\download.gif
90=C:\Program Files (x86)/Mediterranean Cruise Adventure\gfx\main-egypt.jpg
91=C:\Program Files (x86)/Mediterranean Cruise Adventure\gfx\main-secondsphinx.jpg
92=C:\Program Files (x86)/Mediterranean Cruise Adventure\gfx\intro.gif
93=C:\Program Files (x86)/Mediterranean Cruise Adventure\gfx\itinerary_arrows.gif
94=C:\Program Files (x86)/Mediterranean Cruise Adventure\gfx\morning.jpg
95=C:\Program Files (x86)/Mediterranean Cruise Adventure\gfx\nepalcopywrite.gif
96=C:\Program Files (x86)/Mediterranean Cruise Adventure\gfx\pic_arrows.gif
97=C:\Program Files (x86)/Mediterranean Cruise Adventure\gfx\pics.gif
98=C:\Program Files (x86)/Mediterranean Cruise Adventure\gfx\main-athens.jpg
99=C:\Program Files (x86)/Mediterranean Cruise Adventure\gfx\text.gif
100=C:\Program Files (x86)/Mediterranean Cruise Adventure\gfx\title.gif
101=C:\Program Files (x86)/Mediterranean Cruise Adventure\gfx\what.gif
102=C:\Program Files (x86)/Mediterranean Cruise Adventure\gfx\word.gif
103=C:\Program Files (x86)/Mediterranean Cruise Adventure\gfx\zip.gif
104=C:\Program Files (x86)/Mediterranean Cruise Adventure\gfx\clonkedmagnovision.jpg
105=C:\Program Files (x86)/Mediterranean Cruise Adventure\gfx\enter-theholyland.jpg
106=C:\Program Files (x86)/Mediterranean Cruise Adventure\gfx\enter-nepal.jpg
107=C:\Program Files (x86)/Mediterranean Cruise Adventure\gfx\main-santorini.jpg
108=C:\Program Files (x86)/Mediterranean Cruise Adventure\gfx\main-thanks.jpg
109=C:\Program Files (x86)/Mediterranean Cruise Adventure\gfx\popupscanback.jpg
110=C:\Program Files (x86)/Mediterranean Cruise Adventure\gfx\oldtitle.jpg
111=C:\Program Files (x86)/Mediterranean Cruise Adventure\html\textindex.html
112=C:\Program Files (x86)/Mediterranean Cruise Adventure\html\istanbulpictures.html
113=C:\Program Files (x86)/Mediterranean Cruise Adventure\html\pictureindex.html
114=C:\Program Files (x86)/Mediterranean Cruise Adventure\html\template.html
115=C:\Program Files (x86)/Mediterranean Cruise Adventure\library\library-bot2.jpg
116=C:\Program Files (x86)/Mediterranean Cruise Adventure\library\library-arch2.jpg
117=C:\Program Files (x86)/Mediterranean Cruise Adventure\library\library-arch3.jpg
118=C:\Program Files (x86)/Mediterranean Cruise Adventure\library\library-bot1.jpg
119=C:\Program Files (x86)/Mediterranean Cruise Adventure\library\library-arch1.jpg
120=C:\Program Files (x86)/Mediterranean Cruise Adventure\library\library-bot3.jpg
121=C:\Program Files (x86)/Mediterranean Cruise Adventure\library\library-bot4.jpg
122=C:\Program Files (x86)/Mediterranean Cruise Adventure\library\library-bot5.jpg
123=C:\Program Files (x86)/Mediterranean Cruise Adventure\library\library-bot6.jpg
124=C:\Program Files (x86)/Mediterranean Cruise Adventure\library\library-bot7.jpg
125=C:\Program Files (x86)/Mediterranean Cruise Adventure\library\library-bot8.jpg
126=C:\Program Files (x86)/Mediterranean Cruise Adventure\library\library-bot9.jpg
127=C:\Program Files (x86)/Mediterranean Cruise Adventure\library\library-column1.jpg
128=C:\Program Files (x86)/Mediterranean Cruise Adventure\library\library-column2.jpg
129=C:\Program Files (x86)/Mediterranean Cruise Adventure\library\library-column3.jpg
130=C:\Program Files (x86)/Mediterranean Cruise Adventure\library\library-column4.jpg
131=C:\Program Files (x86)/Mediterranean Cruise Adventure\library\library-mid1.jpg
132=C:\Program Files (x86)/Mediterranean Cruise Adventure\library\library-mid2.jpg
133=C:\Program Files (x86)/Mediterranean Cruise Adventure\library\library-mid3.jpg
134=C:\Program Files (x86)/Mediterranean Cruise Adventure\library\library-mid4.jpg
135=C:\Program Files (x86)/Mediterranean Cruise Adventure\library\library-mid5.jpg
136=C:\Program Files (x86)/Mediterranean Cruise Adventure\library\library-mid6.jpg
137=C:\Program Files (x86)/Mediterranean Cruise Adventure\library\library-mid7.jpg
138=C:\Program Files (x86)/Mediterranean Cruise Adventure\library\library-mid8.jpg
139=C:\Program Files (x86)/Mediterranean Cruise Adventure\library\library-mid9.jpg
140=C:\Program Files (x86)/Mediterranean Cruise Adventure\library\library-openarea1.jpg
141=C:\Program Files (x86)/Mediterranean Cruise Adventure\library\library-openarea2.jpg
142=C:\Program Files (x86)/Mediterranean Cruise Adventure\library\library-openarea3.jpg
143=C:\Program Files (x86)/Mediterranean Cruise Adventure\library\library-statue1.jpg
144=C:\Program Files (x86)/Mediterranean Cruise Adventure\library\library-statue2.jpg
145=C:\Program Files (x86)/Mediterranean Cruise Adventure\library\library-statue3.jpg
146=C:\Program Files (x86)/Mediterranean Cruise Adventure\library\library-statue4.jpg
147=C:\Program Files (x86)/Mediterranean Cruise Adventure\library\library-top1.jpg
148=C:\Program Files (x86)/Mediterranean Cruise Adventure\library\library-top2.jpg
149=C:\Program Files (x86)/Mediterranean Cruise Adventure\library\library-top3.jpg
150=C:\Program Files (x86)/Mediterranean Cruise Adventure\library\library-top4.jpg
151=C:\Program Files (x86)/Mediterranean Cruise Adventure\library\library-top5.jpg
152=C:\Program Files (x86)/Mediterranean Cruise Adventure\library\library-top6.jpg
153=C:\Program Files (x86)/Mediterranean Cruise Adventure\library\library-top7.jpg
154=C:\Program Files (x86)/Mediterranean Cruise Adventure\library\library-mid4-a.jpg
155=C:\Program Files (x86)/Mediterranean Cruise Adventure\library\library-mid2-a.jpg
156=C:\Program Files (x86)/Mediterranean Cruise Adventure\library\library-top6-a.jpg
157=C:\Program Files (x86)/Mediterranean Cruise Adventure\library\library-bot2-a.jpg
158=C:\Program Files (x86)/Mediterranean Cruise Adventure\library\library-bot8-a.jpg
159=C:\Program Files (x86)/Mediterranean Cruise Adventure\library\library-bot4-a.jpg
160=C:\Program Files (x86)/Mediterranean Cruise Adventure\library\library-bot6-a.jpg
161=C:\Program Files (x86)/Mediterranean Cruise Adventure\library\library-top4-a.jpg
162=C:\Program Files (x86)/Mediterranean Cruise Adventure\library\library-top2-a.jpg
163=C:\Program Files (x86)/Mediterranean Cruise Adventure\library\library-mid8-a.jpg
164=C:\Program Files (x86)/Mediterranean Cruise Adventure\library\library-mid6-a.jpg
165=C:\Program Files (x86)/Mediterranean Cruise Adventure\nepalpics\1.jpg
166=C:\Program Files (x86)/Mediterranean Cruise Adventure\nepalpics\10.jpg
167=C:\Program Files (x86)/Mediterranean Cruise Adventure\nepalpics\11.jpg
168=C:\Program Files (x86)/Mediterranean Cruise Adventure\nepalpics\12.jpg
169=C:\Program Files (x86)/Mediterranean Cruise Adventure\nepalpics\13.jpg
170=C:\Program Files (x86)/Mediterranean Cruise Adventure\nepalpics\14.jpg
171=C:\Program Files (x86)/Mediterranean Cruise Adventure\nepalpics\15.jpg
172=C:\Program Files (x86)/Mediterranean Cruise Adventure\nepalpics\16.jpg
173=C:\Program Files (x86)/Mediterranean Cruise Adventure\nepalpics\17.jpg
174=C:\Program Files (x86)/Mediterranean Cruise Adventure\nepalpics\18.jpg
175=C:\Program Files (x86)/Mediterranean Cruise Adventure\nepalpics\19.jpg
176=C:\Program Files (x86)/Mediterranean Cruise Adventure\nepalpics\2.jpg
177=C:\Program Files (x86)/Mediterranean Cruise Adventure\nepalpics\20.jpg
178=C:\Program Files (x86)/Mediterranean Cruise Adventure\nepalpics\21.jpg
179=C:\Program Files (x86)/Mediterranean Cruise Adventure\nepalpics\22.jpg
180=C:\Program Files (x86)/Mediterranean Cruise Adventure\nepalpics\23.jpg
181=C:\Program Files (x86)/Mediterranean Cruise Adventure\nepalpics\3.jpg
182=C:\Program Files (x86)/Mediterranean Cruise Adventure\nepalpics\4.jpg
183=C:\Program Files (x86)/Mediterranean Cruise Adventure\nepalpics\5.jpg
184=C:\Program Files (x86)/Mediterranean Cruise Adventure\nepalpics\6.jpg
185=C:\Program Files (x86)/Mediterranean Cruise Adventure\nepalpics\7.jpg
186=C:\Program Files (x86)/Mediterranean Cruise Adventure\nepalpics\8.jpg
187=C:\Program Files (x86)/Mediterranean Cruise Adventure\nepalpics\9.jpg
188=C:\Program Files (x86)/Mediterranean Cruise Adventure\nepalpics\mini1.jpg
189=C:\Program Files (x86)/Mediterranean Cruise Adventure\nepalpics\mini10.jpg
190=C:\Program Files (x86)/Mediterranean Cruise Adventure\nepalpics\mini11.jpg
191=C:\Program Files (x86)/Mediterranean Cruise Adventure\nepalpics\mini12.jpg
192=C:\Program Files (x86)/Mediterranean Cruise Adventure\nepalpics\mini13.jpg
193=C:\Program Files (x86)/Mediterranean Cruise Adventure\nepalpics\mini14.jpg
194=C:\Program Files (x86)/Mediterranean Cruise Adventure\nepalpics\mini15.jpg
195=C:\Program Files (x86)/Mediterranean Cruise Adventure\nepalpics\mini16.jpg
196=C:\Program Files (x86)/Mediterranean Cruise Adventure\nepalpics\mini17.jpg
197=C:\Program Files (x86)/Mediterranean Cruise Adventure\nepalpics\mini18.jpg
198=C:\Program Files (x86)/Mediterranean Cruise Adventure\nepalpics\mini19.jpg
199=C:\Program Files (x86)/Mediterranean Cruise Adventure\nepalpics\mini2.jpg
200=C:\Program Files (x86)/Mediterranean Cruise Adventure\nepalpics\mini20.jpg
201=C:\Program Files (x86)/Mediterranean Cruise Adventure\nepalpics\mini21.jpg
202=C:\Program Files (x86)/Mediterranean Cruise Adventure\nepalpics\mini22.jpg
203=C:\Program Files (x86)/Mediterranean Cruise Adventure\nepalpics\mini23.jpg
204=C:\Program Files (x86)/Mediterranean Cruise Adventure\nepalpics\mini3.jpg
205=C:\Program Files (x86)/Mediterranean Cruise Adventure\nepalpics\mini4.jpg
206=C:\Program Files (x86)/Mediterranean Cruise Adventure\nepalpics\mini5.jpg
207=C:\Program Files (x86)/Mediterranean Cruise Adventure\nepalpics\mini6.jpg
208=C:\Program Files (x86)/Mediterranean Cruise Adventure\nepalpics\mini7.jpg
209=C:\Program Files (x86)/Mediterranean Cruise Adventure\nepalpics\mini8.jpg
210=C:\Program Files (x86)/Mediterranean Cruise Adventure\nepalpics\mini9.jpg
211=C:\Program Files (x86)/Mediterranean Cruise Adventure\pics\thumb-sunsetbluemosque.jpg
212=C:\Program Files (x86)/Mediterranean Cruise Adventure\pics\sunsetbluemosque.jpg
213=C:\Program Files (x86)/Mediterranean Cruise Adventure\pics\thumb-hotelbathroom.jpg
214=C:\Program Files (x86)/Mediterranean Cruise Adventure\pics\hotelbathroom.jpg
215=C:\Program Files (x86)/Mediterranean Cruise Adventure\pics\thumb-hotelbeds.jpg
216=C:\Program Files (x86)/Mediterranean Cruise Adventure\pics\hotelbeds.jpg
217=C:\Program Files (x86)/Mediterranean Cruise Adventure\pics\thumb-sunsethajiasophia.jpg
218=C:\Program Files (x86)/Mediterranean Cruise Adventure\pics\sunsethajiasophia.jpg
219=C:\Program Files (x86)/Mediterranean Cruise Adventure\pics\grandbazaar.jpg
220=C:\Program Files (x86)/Mediterranean Cruise Adventure\pics\thumb-grandbazaar.jpg
221=C:\Program Files (x86)/Mediterranean Cruise Adventure\pics\thumb-bluemosquenightfall.jpg
222=C:\Program Files (x86)/Mediterranean Cruise Adventure\pics\bluemosquenightfall.jpg
223=C:\Program Files (x86)/Mediterranean Cruise Adventure\pics\bluehousedinner.jpg
224=C:\Program Files (x86)/Mediterranean Cruise Adventure\pics\thumb-bluehousedinner.jpg
225=C:\Program Files (x86)/Mediterranean Cruise Adventure\pics\bluemosqueceiling.jpg
226=C:\Program Files (x86)/Mediterranean Cruise Adventure\pics\thumb-bluemosqueceiling.jpg
227=C:\Program Files (x86)/Mediterranean Cruise Adventure\pics\thumb-bluemosquecourtyard.jpg
228=C:\Program Files (x86)/Mediterranean Cruise Adventure\pics\bluemosquecourtyard.jpg
229=C:\Program Files (x86)/Mediterranean Cruise Adventure\pics\thumb-bluemosquetiles.jpg
230=C:\Program Files (x86)/Mediterranean Cruise Adventure\pics\bluemosquetiles.jpg
231=C:\Program Files (x86)/Mediterranean Cruise Adventure\pics\thumb-pillarfamilyphoto.jpg
232=C:\Program Files (x86)/Mediterranean Cruise Adventure\pics\pillarfamilyphoto.jpg
233=C:\Program Files (x86)/Mediterranean Cruise Adventure\pics\thumb-pillar.jpg
234=C:\Program Files (x86)/Mediterranean Cruise Adventure\pics\pillar.jpg
235=C:\Program Files (x86)/Mediterranean Cruise Adventure\pics\thumb-pillarcloseup.jpg
236=C:\Program Files (x86)/Mediterranean Cruise Adventure\pics\pillarcloseup.jpg
237=C:\Program Files (x86)/Mediterranean Cruise Adventure\pics\thumb-pillarbase.jpg
238=C:\Program Files (x86)/Mediterranean Cruise Adventure\pics\pillarbase.jpg
239=C:\Program Files (x86)/Mediterranean Cruise Adventure\pics\head-drew.jpg
240=C:\Program Files (x86)/Mediterranean Cruise Adventure\pics\head-shelley.jpg
241=C:\Program Files (x86)/Mediterranean Cruise Adventure\pics\head-nathan.jpg
242=C:\Program Files (x86)/Mediterranean Cruise Adventure\pics\head-rogene.jpg
243=C:\Program Files (x86)/Mediterranean Cruise Adventure\pics\head-tim.jpg
244=C:\Program Files (x86)/Mediterranean Cruise Adventure\pics\head-jon.jpg
245=C:\Program Files (x86)/Mediterranean Cruise Adventure\pics\head-tyler.jpg
246=C:\Program Files (x86)/Mediterranean Cruise Adventure\pics\head-heidi.jpg
247=C:\Program Files (x86)/Mediterranean Cruise Adventure\pics\head-jan.jpg
248=C:\Program Files (x86)/Mediterranean Cruise Adventure\pics\head-kerree.jpg
249=C:\Program Files (x86)/Mediterranean Cruise Adventure\pics\head-willy.jpg
250=C:\Program Files (x86)/Mediterranean Cruise Adventure\pics\thumb-mutt.jpg
251=C:\Program Files (x86)/Mediterranean Cruise Adventure\pics\mutt.jpg
252=C:\Program Files (x86)/Mediterranean Cruise Adventure\pics\thumb-breadboy.jpg
253=C:\Program Files (x86)/Mediterranean Cruise Adventure\pics\breadboy.jpg
254=C:\Program Files (x86)/Mediterranean Cruise Adventure\pics\thumb-hajiasophiainside.jpg
255=C:\Program Files (x86)/Mediterranean Cruise Adventure\pics\hajiasophiainside.jpg
256=C:\Program Files (x86)/Mediterranean Cruise Adventure\pics\thumb-pillarcloseup2.jpg
257=C:\Program Files (x86)/Mediterranean Cruise Adventure\pics\pillarcloseup2.jpg
258=C:\Program Files (x86)/Mediterranean Cruise Adventure\pics\waterstoragepillars.jpg
259=C:\Program Files (x86)/Mediterranean Cruise Adventure\pics\thumb-waterstoragepillars.jpg
260=C:\Program Files (x86)/Mediterranean Cruise Adventure\pics\fish.jpg
261=C:\Program Files (x86)/Mediterranean Cruise Adventure\pics\thumb-fish.jpg
262=C:\Program Files (x86)/Mediterranean Cruise Adventure\pics\medusa.jpg
263=C:\Program Files (x86)/Mediterranean Cruise Adventure\pics\thumb-medusa.jpg
264=C:\Program Files (x86)/Mediterranean Cruise Adventure\pics\medusa2.jpg
265=C:\Program Files (x86)/Mediterranean Cruise Adventure\pics\thumb-machinegunman.jpg
266=C:\Program Files (x86)/Mediterranean Cruise Adventure\pics\machinegunman.jpg
267=C:\Program Files (x86)/Mediterranean Cruise Adventure\pics\thumb-palacecourtyard.jpg
268=C:\Program Files (x86)/Mediterranean Cruise Adventure\pics\palacecourtyard.jpg
269=C:\Program Files (x86)/Mediterranean Cruise Adventure\pics\thumb-palacegreenwall.jpg
270=C:\Program Files (x86)/Mediterranean Cruise Adventure\pics\palacegreenwall.jpg
271=C:\Program Files (x86)/Mediterranean Cruise Adventure\pics\thumb-palacethrownroom.jpg
272=C:\Program Files (x86)/Mediterranean Cruise Adventure\pics\palacethrownroom.jpg
273=C:\Program Files (x86)/Mediterranean Cruise Adventure\pics\thumb-palacedoor.jpg
274=C:\Program Files (x86)/Mediterranean Cruise Adventure\pics\palacedoor.jpg
275=C:\Program Files (x86)/Mediterranean Cruise Adventure\pics\gemdagger.jpg
276=C:\Program Files (x86)/Mediterranean Cruise Adventure\pics\thumb-gemdagger.jpg
277=C:\Program Files (x86)/Mediterranean Cruise Adventure\pics\pacificprincessdocked.jpg
278=C:\Program Files (x86)/Mediterranean Cruise Adventure\pics\thumb-pacificprincessdocked.jpg
279=C:\Program Files (x86)/Mediterranean Cruise Adventure\pics\palacefamilyphoto.jpg
280=C:\Program Files (x86)/Mediterranean Cruise Adventure\pics\thumb-palacefamilyphoto.jpg
281=C:\Program Files (x86)/Mediterranean Cruise Adventure\pics\thumb-medusa2.jpg
282=C:\Program Files (x86)/Mediterranean Cruise Adventure\pics\t250thousand.jpg
283=C:\Program Files (x86)/Mediterranean Cruise Adventure\pics\t500thousand.jpg
284=C:\Program Files (x86)/Mediterranean Cruise Adventure\pics\thumb-t250thousand.jpg
285=C:\Program Files (x86)/Mediterranean Cruise Adventure\pics\t1thousand.jpg
286=C:\Program Files (x86)/Mediterranean Cruise Adventure\pics\t5million.jpg
287=C:\Program Files (x86)/Mediterranean Cruise Adventure\pics\thumb-t500thousand.jpg
288=C:\Program Files (x86)/Mediterranean Cruise Adventure\pics\thumb-t1thousand.jpg
289=C:\Program Files (x86)/Mediterranean Cruise Adventure\pics\thumb-t5million.jpg
290=C:\Program Files (x86)/Mediterranean Cruise Adventure\pics\thumb-cruiseboatmap.jpg
291=C:\Program Files (x86)/Mediterranean Cruise Adventure\pics\cruiseboatmap.gif
292=C:\Program Files (x86)/Mediterranean Cruise Adventure\pics\s-head-kerree.jpg
293=C:\Program Files (x86)/Mediterranean Cruise Adventure\pics\s-head-nathan.jpg
294=C:\Program Files (x86)/Mediterranean Cruise Adventure\pics\s-head-rogene.jpg
295=C:\Program Files (x86)/Mediterranean Cruise Adventure\pics\s-head-shelley.jpg
296=C:\Program Files (x86)/Mediterranean Cruise Adventure\pics\s-head-jon.jpg
297=C:\Program Files (x86)/Mediterranean Cruise Adventure\pics\s-head-tyler.jpg
298=C:\Program Files (x86)/Mediterranean Cruise Adventure\pics\s-head-tim.jpg
299=C:\Program Files (x86)/Mediterranean Cruise Adventure\pics\s-head-jan.jpg
300=C:\Program Files (x86)/Mediterranean Cruise Adventure\pics\s-head-heidi.jpg
301=C:\Program Files (x86)/Mediterranean Cruise Adventure\pics\s-head-drew.jpg
302=C:\Program Files (x86)/Mediterranean Cruise Adventure\pics\stateroom.jpg
303=C:\Program Files (x86)/Mediterranean Cruise Adventure\pics\ppsantorini.jpg
304=C:\Program Files (x86)/Mediterranean Cruise Adventure\pics\thumb-coraldiningroom.jpg
305=C:\Program Files (x86)/Mediterranean Cruise Adventure\pics\coraldiningroom.jpg
306=C:\Program Files (x86)/Mediterranean Cruise Adventure\pics\starlightlounge.jpg
307=C:\Program Files (x86)/Mediterranean Cruise Adventure\pics\thumb-starlightlounge.jpg
308=C:\Program Files (x86)/Mediterranean Cruise Adventure\pics\thumb-stateroom.jpg
309=C:\Program Files (x86)/Mediterranean Cruise Adventure\pics\carousellounge.jpg
310=C:\Program Files (x86)/Mediterranean Cruise Adventure\pics\thumb-carousellounge.jpg
311=C:\Program Files (x86)/Mediterranean Cruise Adventure\pics\casino.jpg
312=C:\Program Files (x86)/Mediterranean Cruise Adventure\pics\thumb-casino.jpg
313=C:\Program Files (x86)/Mediterranean Cruise Adventure\pics\deck.jpg
314=C:\Program Files (x86)/Mediterranean Cruise Adventure\pics\thumb-deck.jpg
315=C:\Program Files (x86)/Mediterranean Cruise Adventure\pics\goldstatue.jpg
316=C:\Program Files (x86)/Mediterranean Cruise Adventure\pics\thumb-goldstatue.jpg
317=C:\Program Files (x86)/Mediterranean Cruise Adventure\pics\pplogo.jpg
318=C:\Program Files (x86)/Mediterranean Cruise Adventure\pics\thumb-pplogo.jpg
319=C:\Program Files (x86)/Mediterranean Cruise Adventure\pics\fiestastaircase.jpg
320=C:\Program Files (x86)/Mediterranean Cruise Adventure\pics\thumb-fiestastaircase.jpg
321=C:\Program Files (x86)/Mediterranean Cruise Adventure\pics\gameroom.jpg
322=C:\Program Files (x86)/Mediterranean Cruise Adventure\pics\thumb-gameroom.jpg
323=C:\Program Files (x86)/Mediterranean Cruise Adventure\pics\movietheater.jpg
324=C:\Program Files (x86)/Mediterranean Cruise Adventure\pics\thumb-movietheater.jpg
325=C:\Program Files (x86)/Mediterranean Cruise Adventure\pics\thumb-suspensionbridge.jpg
326=C:\Program Files (x86)/Mediterranean Cruise Adventure\pics\suspensionbridge.jpg
327=C:\Program Files (x86)/Mediterranean Cruise Adventure\pics\grandmasterswall.jpg
328=C:\Program Files (x86)/Mediterranean Cruise Adventure\pics\thumb-coinbacks.jpg
329=C:\Program Files (x86)/Mediterranean Cruise Adventure\pics\thumb-shrimpcocktail.jpg
330=C:\Program Files (x86)/Mediterranean Cruise Adventure\pics\shrimpcocktail.jpg
331=C:\Program Files (x86)/Mediterranean Cruise Adventure\pics\thumb-friedbroccoli.jpg
332=C:\Program Files (x86)/Mediterranean Cruise Adventure\pics\friedbroccoli.jpg
333=C:\Program Files (x86)/Mediterranean Cruise Adventure\pics\thumb-escargot.jpg
334=C:\Program Files (x86)/Mediterranean Cruise Adventure\pics\escargot.jpg
335=C:\Program Files (x86)/Mediterranean Cruise Adventure\pics\thumb-escargotandpizza.jpg
336=C:\Program Files (x86)/Mediterranean Cruise Adventure\pics\escargotandpizza.jpg
337=C:\Program Files (x86)/Mediterranean Cruise Adventure\pics\thumb-lobsterdish.jpg
338=C:\Program Files (x86)/Mediterranean Cruise Adventure\pics\thumb-minichicken.jpg
339=C:\Program Files (x86)/Mediterranean Cruise Adventure\pics\lobsterdish.jpg
340=C:\Program Files (x86)/Mediterranean Cruise Adventure\pics\minichicken.jpg
341=C:\Program Files (x86)/Mediterranean Cruise Adventure\pics\thumb-seabassfillet.jpg
342=C:\Program Files (x86)/Mediterranean Cruise Adventure\pics\seabassfillet.jpg
343=C:\Program Files (x86)/Mediterranean Cruise Adventure\pics\thumb-chickenandrice.jpg
344=C:\Program Files (x86)/Mediterranean Cruise Adventure\pics\chickenandrice.jpg
345=C:\Program Files (x86)/Mediterranean Cruise Adventure\pics\thumb-breadedchicken.jpg
346=C:\Program Files (x86)/Mediterranean Cruise Adventure\pics\breadedchicken.jpg
347=C:\Program Files (x86)/Mediterranean Cruise Adventure\pics\fruitdrink.jpg
348=C:\Program Files (x86)/Mediterranean Cruise Adventure\pics\thumb-fruitdrink.jpg
349=C:\Program Files (x86)/Mediterranean Cruise Adventure\pics\dollarbill.jpg
350=C:\Program Files (x86)/Mediterranean Cruise Adventure\pics\timsmugshot.jpg
351=C:\Program Files (x86)/Mediterranean Cruise Adventure\pics\bot-bar.jpg
352=C:\Program Files (x86)/Mediterranean Cruise Adventure\pics\bot-left.jpg
353=C:\Program Files (x86)/Mediterranean Cruise Adventure\pics\bot-right.jpg
354=C:\Program Files (x86)/Mediterranean Cruise Adventure\pics\left-bar.jpg
355=C:\Program Files (x86)/Mediterranean Cruise Adventure\pics\lrg-top-left.jpg
356=C:\Program Files (x86)/Mediterranean Cruise Adventure\pics\lrg-top-bar.jpg
357=C:\Program Files (x86)/Mediterranean Cruise Adventure\pics\lrg-top-right.jpg
358=C:\Program Files (x86)/Mediterranean Cruise Adventure\pics\main-istanbul.jpg
359=C:\Program Files (x86)/Mediterranean Cruise Adventure\pics\sml-right-bar.jpg
360=C:\Program Files (x86)/Mediterranean Cruise Adventure\pics\sml-left-bar.jpg
361=C:\Program Files (x86)/Mediterranean Cruise Adventure\pics\top-left.jpg
362=C:\Program Files (x86)/Mediterranean Cruise Adventure\pics\top-bar.jpg
363=C:\Program Files (x86)/Mediterranean Cruise Adventure\pics\top-right.jpg
364=C:\Program Files (x86)/Mediterranean Cruise Adventure\pics\right-bar.jpg
365=C:\Program Files (x86)/Mediterranean Cruise Adventure\pics\med-mot1.jpg
366=C:\Program Files (x86)/Mediterranean Cruise Adventure\pics\back.jpg
367=C:\Program Files (x86)/Mediterranean Cruise Adventure\pics\thumb-americandollar.jpg
368=C:\Program Files (x86)/Mediterranean Cruise Adventure\pics\americandollar.jpg
369=C:\Program Files (x86)/Mediterranean Cruise Adventure\pics\thumb-stjohnstructure.jpg
370=C:\Program Files (x86)/Mediterranean Cruise Adventure\pics\stjohnstructure.jpg
371=C:\Program Files (x86)/Mediterranean Cruise Adventure\pics\thumb-greattheater.jpg
372=C:\Program Files (x86)/Mediterranean Cruise Adventure\pics\greattheater.jpg
373=C:\Program Files (x86)/Mediterranean Cruise Adventure\pics\thumb-stjohnpillars.jpg
374=C:\Program Files (x86)/Mediterranean Cruise Adventure\pics\stjohnpillars.jpg
375=C:\Program Files (x86)/Mediterranean Cruise Adventure\pics\thumb-ephesuscarving.jpg
376=C:\Program Files (x86)/Mediterranean Cruise Adventure\pics\ephesuscarving.jpg
377=C:\Program Files (x86)/Mediterranean Cruise Adventure\pics\thumb-stjohnpanview.jpg
378=C:\Program Files (x86)/Mediterranean Cruise Adventure\pics\stjohnpanview.jpg
379=C:\Program Files (x86)/Mediterranean Cruise Adventure\pics\thumb-stjohnfamilyphoto.jpg
380=C:\Program Files (x86)/Mediterranean Cruise Adventure\pics\stjohnfamilyphoto.jpg
381=C:\Program Files (x86)/Mediterranean Cruise Adventure\pics\thumb-stjohncastle.jpg
382=C:\Program Files (x86)/Mediterranean Cruise Adventure\pics\stjohncastle.jpg
383=C:\Program Files (x86)/Mediterranean Cruise Adventure\pics\thumb-virginmaryfountain.jpg
384=C:\Program Files (x86)/Mediterranean Cruise Adventure\pics\virginmaryfountain.jpg
385=C:\Program Files (x86)/Mediterranean Cruise Adventure\pics\thumb-ephesuspillars.jpg
386=C:\Program Files (x86)/Mediterranean Cruise Adventure\pics\ephesuspillars.jpg
387=C:\Program Files (x86)/Mediterranean Cruise Adventure\pics\thumb-ephusussolopillar.jpg
388=C:\Program Files (x86)/Mediterranean Cruise Adventure\pics\thumb-capernaum.jpg
389=C:\Program Files (x86)/Mediterranean Cruise Adventure\pics\thumb-ephesuswalkway.jpg
390=C:\Program Files (x86)/Mediterranean Cruise Adventure\pics\ephesuswalkway.jpg
391=C:\Program Files (x86)/Mediterranean Cruise Adventure\pics\thumb-ephesuslibrary.jpg
392=C:\Program Files (x86)/Mediterranean Cruise Adventure\pics\ephesuslibrary.jpg
393=C:\Program Files (x86)/Mediterranean Cruise Adventure\pics\thumb-dadonoldtoilets.jpg
394=C:\Program Files (x86)/Mediterranean Cruise Adventure\pics\dadonoldtoilets.jpg
395=C:\Program Files (x86)/Mediterranean Cruise Adventure\pics\ephesusmap.jpg
396=C:\Program Files (x86)/Mediterranean Cruise Adventure\pics\thumb-ephesusmap.jpg
397=C:\Program Files (x86)/Mediterranean Cruise Adventure\pics\ephesusmapcrappedup.jpg
398=C:\Program Files (x86)/Mediterranean Cruise Adventure\pics\thumb-santorinicity.jpg
399=C:\Program Files (x86)/Mediterranean Cruise Adventure\pics\thumb-cruiseboatfromthetender.jpg
400=C:\Program Files (x86)/Mediterranean Cruise Adventure\pics\thumb-santorinicruiseshipfromafar.jpg
401=C:\Program Files (x86)/Mediterranean Cruise Adventure\pics\thumb-santorinitenderride.jpg
402=C:\Program Files (x86)/Mediterranean Cruise Adventure\pics\fistfag.jpg
403=C:\Program Files (x86)/Mediterranean Cruise Adventure\pics\wall-top.jpg
404=C:\Program Files (x86)/Mediterranean Cruise Adventure\pics\thumb-santorinimap.jpg
405=C:\Program Files (x86)/Mediterranean Cruise Adventure\pics\thumb-santoriniviewofwater.jpg
406=C:\Program Files (x86)/Mediterranean Cruise Adventure\pics\thumb-santorinilotsofboats.jpg
407=C:\Program Files (x86)/Mediterranean Cruise Adventure\pics\cruiseboatfromthetender.jpg
408=C:\Program Files (x86)/Mediterranean Cruise Adventure\pics\santorinicity.jpg
409=C:\Program Files (x86)/Mediterranean Cruise Adventure\pics\santorinicruiseshipfromafar.jpg
410=C:\Program Files (x86)/Mediterranean Cruise Adventure\pics\santorinitenderride.jpg
411=C:\Program Files (x86)/Mediterranean Cruise Adventure\pics\thumb-santoriniboatthroughtherocks.jpg
412=C:\Program Files (x86)/Mediterranean Cruise Adventure\pics\santorinimap.jpg
413=C:\Program Files (x86)/Mediterranean Cruise Adventure\pics\santoriniviewofwater.jpg
414=C:\Program Files (x86)/Mediterranean Cruise Adventure\pics\santorinilotsofboats.jpg
415=C:\Program Files (x86)/Mediterranean Cruise Adventure\pics\santoriniboatthroughtherocks.jpg
416=C:\Program Files (x86)/Mediterranean Cruise Adventure\pics\wall-bigstatue1.jpg
417=C:\Program Files (x86)/Mediterranean Cruise Adventure\pics\wall-bigstatue2.jpg
418=C:\Program Files (x86)/Mediterranean Cruise Adventure\pics\wall-bigstatue3.jpg
419=C:\Program Files (x86)/Mediterranean Cruise Adventure\pics\wall-bigstatue4.jpg
420=C:\Program Files (x86)/Mediterranean Cruise Adventure\pics\wall-bigstatue5.jpg
421=C:\Program Files (x86)/Mediterranean Cruise Adventure\pics\wall-bigstatue6.jpg
422=C:\Program Files (x86)/Mediterranean Cruise Adventure\pics\wall-bigstatue7.jpg
423=C:\Program Files (x86)/Mediterranean Cruise Adventure\pics\wall-bigstatue8.jpg
424=C:\Program Files (x86)/Mediterranean Cruise Adventure\pics\wall-bottom.jpg
425=C:\Program Files (x86)/Mediterranean Cruise Adventure\pics\wall-statue1.jpg
426=C:\Program Files (x86)/Mediterranean Cruise Adventure\pics\wall-statue1b.jpg
427=C:\Program Files (x86)/Mediterranean Cruise Adventure\pics\wall-statue2.jpg
428=C:\Program Files (x86)/Mediterranean Cruise Adventure\pics\wall-statue2b.jpg
429=C:\Program Files (x86)/Mediterranean Cruise Adventure\pics\wall-statue3.jpg
430=C:\Program Files (x86)/Mediterranean Cruise Adventure\pics\wall-statue3b.jpg
431=C:\Program Files (x86)/Mediterranean Cruise Adventure\pics\wall-statue4.jpg
432=C:\Program Files (x86)/Mediterranean Cruise Adventure\pics\wall-statue4b.jpg
433=C:\Program Files (x86)/Mediterranean Cruise Adventure\pics\wall-statue5.jpg
434=C:\Program Files (x86)/Mediterranean Cruise Adventure\pics\wall-statue5b.jpg
435=C:\Program Files (x86)/Mediterranean Cruise Adventure\pics\wall-statue6.jpg
436=C:\Program Files (x86)/Mediterranean Cruise Adventure\pics\wall-statue6b.jpg
437=C:\Program Files (x86)/Mediterranean Cruise Adventure\pics\wall-statue7.jpg
438=C:\Program Files (x86)/Mediterranean Cruise Adventure\pics\wall-statue7b.jpg
439=C:\Program Files (x86)/Mediterranean Cruise Adventure\pics\wall-statue8.jpg
440=C:\Program Files (x86)/Mediterranean Cruise Adventure\pics\wall-statue8b.jpg
441=C:\Program Files (x86)/Mediterranean Cruise Adventure\pics\wall-statue9.jpg
442=C:\Program Files (x86)/Mediterranean Cruise Adventure\pics\rhodespeacockmosaic.jpg
443=C:\Program Files (x86)/Mediterranean Cruise Adventure\pics\thumb-rhodespeacockmosaic.jpg
444=C:\Program Files (x86)/Mediterranean Cruise Adventure\pics\rhodesfishmosaic.jpg
445=C:\Program Files (x86)/Mediterranean Cruise Adventure\pics\thumb-rhodesfishmosaic.jpg
446=C:\Program Files (x86)/Mediterranean Cruise Adventure\pics\rhodeslizard.jpg
447=C:\Program Files (x86)/Mediterranean Cruise Adventure\pics\thumb-rhodeslizard.jpg
448=C:\Program Files (x86)/Mediterranean Cruise Adventure\pics\rhodesheidipicture.jpg
449=C:\Program Files (x86)/Mediterranean Cruise Adventure\pics\thumb-rhodesheidipicture.jpg
450=C:\Program Files (x86)/Mediterranean Cruise Adventure\pics\thumb-rhodesdoorway.jpg
451=C:\Program Files (x86)/Mediterranean Cruise Adventure\pics\rhodesdoorway.jpg
452=C:\Program Files (x86)/Mediterranean Cruise Adventure\pics\thumb-rhodesstreet.jpg
453=C:\Program Files (x86)/Mediterranean Cruise Adventure\pics\rhodesstreet.jpg
454=C:\Program Files (x86)/Mediterranean Cruise Adventure\pics\johncaughtguilty.jpg
455=C:\Program Files (x86)/Mediterranean Cruise Adventure\pics\johncaughtguiltybig.jpg
456=C:\Program Files (x86)/Mediterranean Cruise Adventure\pics\haifisign.jpg
457=C:\Program Files (x86)/Mediterranean Cruise Adventure\pics\thumb-haifisign.jpg
458=C:\Program Files (x86)/Mediterranean Cruise Adventure\pics\haifariver.jpg
459=C:\Program Files (x86)/Mediterranean Cruise Adventure\pics\thumb-haifariver.jpg
460=C:\Program Files (x86)/Mediterranean Cruise Adventure\pics\s-head-nathan2.jpg
461=C:\Program Files (x86)/Mediterranean Cruise Adventure\pics\grandmabeatdown.jpg
462=C:\Program Files (x86)/Mediterranean Cruise Adventure\pics\timinpool.jpg
463=C:\Program Files (x86)/Mediterranean Cruise Adventure\pics\nuns.jpg
464=C:\Program Files (x86)/Mediterranean Cruise Adventure\pics\mrrogers.jpg
465=C:\Program Files (x86)/Mediterranean Cruise Adventure\pics\birthdaycake.jpg
466=C:\Program Files (x86)/Mediterranean Cruise Adventure\pics\thumb-birthdaycake.jpg
467=C:\Program Files (x86)/Mediterranean Cruise Adventure\pics\thumb-birthdaycakepose.jpg
468=C:\Program Files (x86)/Mediterranean Cruise Adventure\pics\birthdaycakepose.jpg
469=C:\Program Files (x86)/Mediterranean Cruise Adventure\pics\bingocash.jpg
470=C:\Program Files (x86)/Mediterranean Cruise Adventure\pics\thumb-bingocash.jpg
471=C:\Program Files (x86)/Mediterranean Cruise Adventure\pics\watchsale.jpg
472=C:\Program Files (x86)/Mediterranean Cruise Adventure\pics\thumb-watchsale.jpg
473=C:\Program Files (x86)/Mediterranean Cruise Adventure\pics\relaxingonthedeck.jpg
474=C:\Program Files (x86)/Mediterranean Cruise Adventure\pics\thumb-relaxingonthedeck.jpg
475=C:\Program Files (x86)/Mediterranean Cruise Adventure\pics\cavewherejesuswasborn.jpg
476=C:\Program Files (x86)/Mediterranean Cruise Adventure\pics\thumb-cavewherejesuswasborn.jpg
477=C:\Program Files (x86)/Mediterranean Cruise Adventure\pics\jesuscavetemple.jpg
478=C:\Program Files (x86)/Mediterranean Cruise Adventure\pics\thumb-jesuscavetemple.jpg
479=C:\Program Files (x86)/Mediterranean Cruise Adventure\pics\oldtree.jpg
480=C:\Program Files (x86)/Mediterranean Cruise Adventure\pics\thumb-oldtree.jpg
481=C:\Program Files (x86)/Mediterranean Cruise Adventure\pics\israeliarmy.jpg
482=C:\Program Files (x86)/Mediterranean Cruise Adventure\pics\thumb-israeliarmy.jpg
483=C:\Program Files (x86)/Mediterranean Cruise Adventure\pics\wailingwall.jpg
484=C:\Program Files (x86)/Mediterranean Cruise Adventure\pics\thumb-wailingwall.jpg
485=C:\Program Files (x86)/Mediterranean Cruise Adventure\pics\israeltower.jpg
486=C:\Program Files (x86)/Mediterranean Cruise Adventure\pics\churchofallnations.jpg
487=C:\Program Files (x86)/Mediterranean Cruise Adventure\pics\thumb-churchofallnations.jpg
488=C:\Program Files (x86)/Mediterranean Cruise Adventure\pics\insidechurchofallnations.jpg
489=C:\Program Files (x86)/Mediterranean Cruise Adventure\pics\thumb-insidechurchofallnations.jpg
490=C:\Program Files (x86)/Mediterranean Cruise Adventure\pics\tankyard.jpg
491=C:\Program Files (x86)/Mediterranean Cruise Adventure\pics\thumb-tankyard.jpg
492=C:\Program Files (x86)/Mediterranean Cruise Adventure\pics\acropolis.jpg
493=C:\Program Files (x86)/Mediterranean Cruise Adventure\pics\thumb-acropolis.jpg
494=C:\Program Files (x86)/Mediterranean Cruise Adventure\pics\royalguard.jpg
495=C:\Program Files (x86)/Mediterranean Cruise Adventure\pics\thumb-royalguard.jpg
496=C:\Program Files (x86)/Mediterranean Cruise Adventure\pics\bakedalaska.jpg
497=C:\Program Files (x86)/Mediterranean Cruise Adventure\pics\thumb-bakedalaska.jpg
498=C:\Program Files (x86)/Mediterranean Cruise Adventure\pics\momspresent.jpg
499=C:\Program Files (x86)/Mediterranean Cruise Adventure\pics\thumb-momspresent.jpg
500=C:\Program Files (x86)/Mediterranean Cruise Adventure\pics\sleepynathan.jpg
501=C:\Program Files (x86)/Mediterranean Cruise Adventure\pics\thumb-sleepynathan.jpg
502=C:\Program Files (x86)/Mediterranean Cruise Adventure\pics\arch.jpg
503=C:\Program Files (x86)/Mediterranean Cruise Adventure\pics\thumb-arch.jpg
504=C:\Program Files (x86)/Mediterranean Cruise Adventure\pics\scripture.jpg
505=C:\Program Files (x86)/Mediterranean Cruise Adventure\pics\jesusrock.jpg
506=C:\Program Files (x86)/Mediterranean Cruise Adventure\pics\thumb-jesusrock.jpg
507=C:\Program Files (x86)/Mediterranean Cruise Adventure\pics\breakfastcruise.jpg
508=C:\Program Files (x86)/Mediterranean Cruise Adventure\pics\thumb-breakfastcruise.jpg
509=C:\Program Files (x86)/Mediterranean Cruise Adventure\pics\sphinxnightshow.jpg
510=C:\Program Files (x86)/Mediterranean Cruise Adventure\pics\thumb-sphinxnightshow.jpg
511=C:\Program Files (x86)/Mediterranean Cruise Adventure\pics\egyptmosque.jpg
512=C:\Program Files (x86)/Mediterranean Cruise Adventure\pics\thumb-egyptmosque.jpg
513=C:\Program Files (x86)/Mediterranean Cruise Adventure\pics\tutsmask.jpg
514=C:\Program Files (x86)/Mediterranean Cruise Adventure\pics\thumb-tutsmask.jpg
515=C:\Program Files (x86)/Mediterranean Cruise Adventure\pics\steppyramid.jpg
516=C:\Program Files (x86)/Mediterranean Cruise Adventure\pics\thumb-steppyramid.jpg
517=C:\Program Files (x86)/Mediterranean Cruise Adventure\pics\biggestpyramid.jpg
518=C:\Program Files (x86)/Mediterranean Cruise Adventure\pics\thumb-biggestpyramid.jpg
519=C:\Program Files (x86)/Mediterranean Cruise Adventure\pics\lunchdiningroom.jpg
520=C:\Program Files (x86)/Mediterranean Cruise Adventure\pics\thumb-lunchdiningroom.jpg
521=C:\Program Files (x86)/Mediterranean Cruise Adventure\pics\conartists.jpg
522=C:\Program Files (x86)/Mediterranean Cruise Adventure\pics\thumb-conartists.jpg
523=C:\Program Files (x86)/Mediterranean Cruise Adventure\pics\leavingtheboat.jpg
524=C:\Program Files (x86)/Mediterranean Cruise Adventure\pics\thumb-leavingtheboat.jpg
525=C:\Program Files (x86)/Mediterranean Cruise Adventure\pics\sphinxdaytime.jpg
526=C:\Program Files (x86)/Mediterranean Cruise Adventure\pics\thumb-sphinxdaytime.jpg
527=C:\Program Files (x86)/Mediterranean Cruise Adventure\pics\ephesussolopillar.jpg
528=C:\Program Files (x86)/Mediterranean Cruise Adventure\pics\thumb-sunsetgalilee.jpg
529=C:\Program Files (x86)/Mediterranean Cruise Adventure\pics\mtbeatitudes.jpg
530=C:\Program Files (x86)/Mediterranean Cruise Adventure\pics\thumb-mtbeatitudes.jpg
531=C:\Program Files (x86)/Mediterranean Cruise Adventure\pics\tabgha.jpg
532=C:\Program Files (x86)/Mediterranean Cruise Adventure\pics\thumb-tabgha.jpg
533=C:\Program Files (x86)/Mediterranean Cruise Adventure\pics\capernaum.jpg
534=C:\Program Files (x86)/Mediterranean Cruise Adventure\pics\sunsetgalilee.jpg
535=C:\Program Files (x86)/Mediterranean Cruise Adventure\pics\galileefishermen.jpg
536=C:\Program Files (x86)/Mediterranean Cruise Adventure\pics\thumb-galileefishermen.jpg
537=C:\Program Files (x86)/Mediterranean Cruise Adventure\popup\sunsethajiasophia.html
538=C:\Program Files (x86)/Mediterranean Cruise Adventure\popup\bluemosquenightfall.html
539=C:\Program Files (x86)/Mediterranean Cruise Adventure\popup\pillar.html
540=C:\Program Files (x86)/Mediterranean Cruise Adventure\popup\hotelbathroom.html
541=C:\Program Files (x86)/Mediterranean Cruise Adventure\popup\bluehousedinner.html
542=C:\Program Files (x86)/Mediterranean Cruise Adventure\popup\grandbazaar.html
543=C:\Program Files (x86)/Mediterranean Cruise Adventure\popup\hotelbeds.html
544=C:\Program Files (x86)/Mediterranean Cruise Adventure\popup\bluemosqueceiling.html
545=C:\Program Files (x86)/Mediterranean Cruise Adventure\popup\pillarcloseup.html
546=C:\Program Files (x86)/Mediterranean Cruise Adventure\popup\pillarcloseup2.html
547=C:\Program Files (x86)/Mediterranean Cruise Adventure\popup\pillarbase.html
548=C:\Program Files (x86)/Mediterranean Cruise Adventure\popup\pillarfamilyphoto.html
549=C:\Program Files (x86)/Mediterranean Cruise Adventure\popup\mutt.html
550=C:\Program Files (x86)/Mediterranean Cruise Adventure\popup\breadboy.html
551=C:\Program Files (x86)/Mediterranean Cruise Adventure\popup\waterstoragepillars.html
552=C:\Program Files (x86)/Mediterranean Cruise Adventure\popup\fish.html
553=C:\Program Files (x86)/Mediterranean Cruise Adventure\popup\medusa.html
554=C:\Program Files (x86)/Mediterranean Cruise Adventure\popup\machinegunman.html
555=C:\Program Files (x86)/Mediterranean Cruise Adventure\popup\palacedoor.html
556=C:\Program Files (x86)/Mediterranean Cruise Adventure\popup\palacethrownroom.html
557=C:\Program Files (x86)/Mediterranean Cruise Adventure\popup\palacecourtyard.html
558=C:\Program Files (x86)/Mediterranean Cruise Adventure\popup\gemdagger.html
559=C:\Program Files (x86)/Mediterranean Cruise Adventure\popup\palacefamilyphoto.html
560=C:\Program Files (x86)/Mediterranean Cruise Adventure\popup\medusa2.html
561=C:\Program Files (x86)/Mediterranean Cruise Adventure\popup\pacificprincessdocked.html
562=C:\Program Files (x86)/Mediterranean Cruise Adventure\popup\hajiasophiainside.html
563=C:\Program Files (x86)/Mediterranean Cruise Adventure\popup\bluemosquetiles.html
564=C:\Program Files (x86)/Mediterranean Cruise Adventure\popup\t1thousand.html
565=C:\Program Files (x86)/Mediterranean Cruise Adventure\popup\t250thousand.html
566=C:\Program Files (x86)/Mediterranean Cruise Adventure\popup\t500thousand.html
567=C:\Program Files (x86)/Mediterranean Cruise Adventure\popup\t5million.html
568=C:\Program Files (x86)/Mediterranean Cruise Adventure\popup\coraldiningroom.html
569=C:\Program Files (x86)/Mediterranean Cruise Adventure\popup\fiestastaircase.html
570=C:\Program Files (x86)/Mediterranean Cruise Adventure\popup\stateroom.html
571=C:\Program Files (x86)/Mediterranean Cruise Adventure\popup\carousellounge.html
572=C:\Program Files (x86)/Mediterranean Cruise Adventure\popup\casino.html
573=C:\Program Files (x86)/Mediterranean Cruise Adventure\popup\gameroom.html
574=C:\Program Files (x86)/Mediterranean Cruise Adventure\popup\movietheater.html
575=C:\Program Files (x86)/Mediterranean Cruise Adventure\popup\deck.html
576=C:\Program Files (x86)/Mediterranean Cruise Adventure\popup\starlightlounge.html
577=C:\Program Files (x86)/Mediterranean Cruise Adventure\popup\pplogo.html
578=C:\Program Files (x86)/Mediterranean Cruise Adventure\popup\suspensionbridge.html
579=C:\Program Files (x86)/Mediterranean Cruise Adventure\popup\goldstatue.html
580=C:\Program Files (x86)/Mediterranean Cruise Adventure\popup\escargotandpizza.html
581=C:\Program Files (x86)/Mediterranean Cruise Adventure\popup\escargot.html
582=C:\Program Files (x86)/Mediterranean Cruise Adventure\popup\shrimpcocktail.html
583=C:\Program Files (x86)/Mediterranean Cruise Adventure\popup\friedbroccoli.html
584=C:\Program Files (x86)/Mediterranean Cruise Adventure\popup\minichicken.html
585=C:\Program Files (x86)/Mediterranean Cruise Adventure\popup\lobsterdish.html
586=C:\Program Files (x86)/Mediterranean Cruise Adventure\popup\breadedchicken.html
587=C:\Program Files (x86)/Mediterranean Cruise Adventure\popup\fruitdrink.html
588=C:\Program Files (x86)/Mediterranean Cruise Adventure\popup\chickenandrice.html
589=C:\Program Files (x86)/Mediterranean Cruise Adventure\popup\seabassfillet.html
590=C:\Program Files (x86)/Mediterranean Cruise Adventure\popup\library-arch1.html
591=C:\Program Files (x86)/Mediterranean Cruise Adventure\popup\library-arch2.html
592=C:\Program Files (x86)/Mediterranean Cruise Adventure\popup\library-arch3.html
593=C:\Program Files (x86)/Mediterranean Cruise Adventure\popup\library-statue1.html
594=C:\Program Files (x86)/Mediterranean Cruise Adventure\popup\library-statue2.html
595=C:\Program Files (x86)/Mediterranean Cruise Adventure\popup\library-statue3.html
596=C:\Program Files (x86)/Mediterranean Cruise Adventure\popup\library-statue4.html
597=C:\Program Files (x86)/Mediterranean Cruise Adventure\popup\library-column1.html
598=C:\Program Files (x86)/Mediterranean Cruise Adventure\popup\library-column2.html
599=C:\Program Files (x86)/Mediterranean Cruise Adventure\popup\library-column3.html
600=C:\Program Files (x86)/Mediterranean Cruise Adventure\popup\library-column4.html
601=C:\Program Files (x86)/Mediterranean Cruise Adventure\popup\palacegreenwall.html
602=C:\Program Files (x86)/Mediterranean Cruise Adventure\popup\americandollar.html
603=C:\Program Files (x86)/Mediterranean Cruise Adventure\popup\stjohnstructure.html
604=C:\Program Files (x86)/Mediterranean Cruise Adventure\popup\greattheater.html
605=C:\Program Files (x86)/Mediterranean Cruise Adventure\popup\virginmaryfountain.html
606=C:\Program Files (x86)/Mediterranean Cruise Adventure\popup\ephesuscarving.html
607=C:\Program Files (x86)/Mediterranean Cruise Adventure\popup\ephesuspillars.html
608=C:\Program Files (x86)/Mediterranean Cruise Adventure\popup\santorinilotsofboats.html
609=C:\Program Files (x86)/Mediterranean Cruise Adventure\popup\stjohnfamilyphoto.html
610=C:\Program Files (x86)/Mediterranean Cruise Adventure\popup\stjohnpillars.html
611=C:\Program Files (x86)/Mediterranean Cruise Adventure\popup\ephesussolopillar.html
612=C:\Program Files (x86)/Mediterranean Cruise Adventure\popup\ephesuswalkway.html
613=C:\Program Files (x86)/Mediterranean Cruise Adventure\popup\stjohncastle.html
614=C:\Program Files (x86)/Mediterranean Cruise Adventure\popup\stjohnpanview.html
615=C:\Program Files (x86)/Mediterranean Cruise Adventure\popup\ephesusmap.html
616=C:\Program Files (x86)/Mediterranean Cruise Adventure\popup\dadonoldtoilets.html
617=C:\Program Files (x86)/Mediterranean Cruise Adventure\popup\santorinicruiseshipfromafar.html
618=C:\Program Files (x86)/Mediterranean Cruise Adventure\popup\santoriniboatthroughtherocks.html
619=C:\Program Files (x86)/Mediterranean Cruise Adventure\popup\santoriniviewofwater.html
620=C:\Program Files (x86)/Mediterranean Cruise Adventure\popup\santorinitenderride.html
621=C:\Program Files (x86)/Mediterranean Cruise Adventure\popup\santorinicity.html
622=C:\Program Files (x86)/Mediterranean Cruise Adventure\popup\santorinimap.html
623=C:\Program Files (x86)/Mediterranean Cruise Adventure\popup\cruiseboatfromthetender.html
624=C:\Program Files (x86)/Mediterranean Cruise Adventure\popup\wall-statue2.html
625=C:\Program Files (x86)/Mediterranean Cruise Adventure\popup\wall-statue3.html
626=C:\Program Files (x86)/Mediterranean Cruise Adventure\popup\wall-statue4.html
627=C:\Program Files (x86)/Mediterranean Cruise Adventure\popup\wall-statue5.html
628=C:\Program Files (x86)/Mediterranean Cruise Adventure\popup\wall-statue6.html
629=C:\Program Files (x86)/Mediterranean Cruise Adventure\popup\wall-statue7.html
630=C:\Program Files (x86)/Mediterranean Cruise Adventure\popup\wall-statue8.html
631=C:\Program Files (x86)/Mediterranean Cruise Adventure\popup\rhodesdoorway.html
632=C:\Program Files (x86)/Mediterranean Cruise Adventure\popup\wall-statue1.html
633=C:\Program Files (x86)/Mediterranean Cruise Adventure\popup\rhodesheidipicture.html
634=C:\Program Files (x86)/Mediterranean Cruise Adventure\popup\rhodeslizard.html
635=C:\Program Files (x86)/Mediterranean Cruise Adventure\popup\rhodespeacockmosaic.html
636=C:\Program Files (x86)/Mediterranean Cruise Adventure\popup\rhodesfishmosaic.html
637=C:\Program Files (x86)/Mediterranean Cruise Adventure\popup\rhodesstreet.html
638=C:\Program Files (x86)/Mediterranean Cruise Adventure\popup\haifasign.html
639=C:\Program Files (x86)/Mediterranean Cruise Adventure\popup\haifariver.html
640=C:\Program Files (x86)/Mediterranean Cruise Adventure\popup\acropolis.html
641=C:\Program Files (x86)/Mediterranean Cruise Adventure\popup\bakedalaska.html
642=C:\Program Files (x86)/Mediterranean Cruise Adventure\popup\momspresent.html
643=C:\Program Files (x86)/Mediterranean Cruise Adventure\popup\sleepynathan.html
644=C:\Program Files (x86)/Mediterranean Cruise Adventure\popup\royalguard.html
645=C:\Program Files (x86)/Mediterranean Cruise Adventure\popup\arch.html
646=C:\Program Files (x86)/Mediterranean Cruise Adventure\popup\tankyard.html
647=C:\Program Files (x86)/Mediterranean Cruise Adventure\popup\insidechurchofallnations.html
648=C:\Program Files (x86)/Mediterranean Cruise Adventure\popup\churchofallnations.html
649=C:\Program Files (x86)/Mediterranean Cruise Adventure\popup\wailingwall.html
650=C:\Program Files (x86)/Mediterranean Cruise Adventure\popup\israeliarmy.html
651=C:\Program Files (x86)/Mediterranean Cruise Adventure\popup\oldtree.html
652=C:\Program Files (x86)/Mediterranean Cruise Adventure\popup\jesuscavetemple.html
653=C:\Program Files (x86)/Mediterranean Cruise Adventure\popup\cavewherejesuswasborn.html
654=C:\Program Files (x86)/Mediterranean Cruise Adventure\popup\birthdaycakepose.html
655=C:\Program Files (x86)/Mediterranean Cruise Adventure\popup\birthdaycake.html
656=C:\Program Files (x86)/Mediterranean Cruise Adventure\popup\scripture.html
657=C:\Program Files (x86)/Mediterranean Cruise Adventure\popup\jesusrock.html
658=C:\Program Files (x86)/Mediterranean Cruise Adventure\popup\watchsale.html
659=C:\Program Files (x86)/Mediterranean Cruise Adventure\popup\bingocash.html
660=C:\Program Files (x86)/Mediterranean Cruise Adventure\popup\relaxingonthedeck.html
661=C:\Program Files (x86)/Mediterranean Cruise Adventure\popup\breakfastcruise.html
662=C:\Program Files (x86)/Mediterranean Cruise Adventure\popup\sphinxnightshow.html
663=C:\Program Files (x86)/Mediterranean Cruise Adventure\popup\egyptmosque.html
664=C:\Program Files (x86)/Mediterranean Cruise Adventure\popup\tutsmask.html
665=C:\Program Files (x86)/Mediterranean Cruise Adventure\popup\steppyramid.html
666=C:\Program Files (x86)/Mediterranean Cruise Adventure\popup\biggestpyramid.html
667=C:\Program Files (x86)/Mediterranean Cruise Adventure\popup\lunchdiningroom.html
668=C:\Program Files (x86)/Mediterranean Cruise Adventure\popup\conartists.html
669=C:\Program Files (x86)/Mediterranean Cruise Adventure\popup\leavingtheboat.html
670=C:\Program Files (x86)/Mediterranean Cruise Adventure\popup\sphinxdaytime.html
671=C:\Program Files (x86)/Mediterranean Cruise Adventure\popup\sunsetgalilee.html
672=C:\Program Files (x86)/Mediterranean Cruise Adventure\popup\mtbeatitudes.html
673=C:\Program Files (x86)/Mediterranean Cruise Adventure\popup\tabgha.html
674=C:\Program Files (x86)/Mediterranean Cruise Adventure\popup\capernaum.html
675=C:\Program Files (x86)/Mediterranean Cruise Adventure\popup\galileefishermen.html
676=C:\Program Files (x86)/Mediterranean Cruise Adventure\unfiled or unused pics\egypt\IMGA0001.JPG
677=C:\Program Files (x86)/Mediterranean Cruise Adventure\unfiled or unused pics\egypt\IMGA0002.JPG
678=C:\Program Files (x86)/Mediterranean Cruise Adventure\unfiled or unused pics\egypt\IMGA0003.JPG
679=C:\Program Files (x86)/Mediterranean Cruise Adventure\unfiled or unused pics\egypt\IMGA0004.JPG
680=C:\Program Files (x86)/Mediterranean Cruise Adventure\unfiled or unused pics\egypt\IMGA0005.JPG
681=C:\Program Files (x86)/Mediterranean Cruise Adventure\unfiled or unused pics\egypt\IMGA0006.JPG
682=C:\Program Files (x86)/Mediterranean Cruise Adventure\unfiled or unused pics\egypt\IMGA0007.JPG
683=C:\Program Files (x86)/Mediterranean Cruise Adventure\unfiled or unused pics\egypt\IMGA0008.JPG
684=C:\Program Files (x86)/Mediterranean Cruise Adventure\unfiled or unused pics\egypt\IMGA0009.JPG
685=C:\Program Files (x86)/Mediterranean Cruise Adventure\unfiled or unused pics\egypt\IMGA0010.JPG
686=C:\Program Files (x86)/Mediterranean Cruise Adventure\unfiled or unused pics\egypt\IMGA0011.JPG
687=C:\Program Files (x86)/Mediterranean Cruise Adventure\unfiled or unused pics\egypt\IMGA0012.JPG
688=C:\Program Files (x86)/Mediterranean Cruise Adventure\unfiled or unused pics\egypt\IMGA0013.JPG
689=C:\Program Files (x86)/Mediterranean Cruise Adventure\unfiled or unused pics\egypt\IMGA0014.JPG
690=C:\Program Files (x86)/Mediterranean Cruise Adventure\unfiled or unused pics\egypt\IMGA0015.JPG
691=C:\Program Files (x86)/Mediterranean Cruise Adventure\unfiled or unused pics\egypt\IMGA0016.JPG
692=C:\Program Files (x86)/Mediterranean Cruise Adventure\unfiled or unused pics\egypt\IMGA0017.JPG
693=C:\Program Files (x86)/Mediterranean Cruise Adventure\unfiled or unused pics\egypt\IMGA0018.JPG
694=C:\Program Files (x86)/Mediterranean Cruise Adventure\unfiled or unused pics\egypt\IMGA0019.JPG
695=C:\Program Files (x86)/Mediterranean Cruise Adventure\unfiled or unused pics\egypt\IMGA0020.JPG
696=C:\Program Files (x86)/Mediterranean Cruise Adventure\unfiled or unused pics\egypt\IMGA0021.JPG
697=C:\Program Files (x86)/Mediterranean Cruise Adventure\unfiled or unused pics\egypt\IMGA0022.JPG
698=C:\Program Files (x86)/Mediterranean Cruise Adventure\unfiled or unused pics\egypt\IMGA0026.JPG
699=C:\Program Files (x86)/Mediterranean Cruise Adventure\unfiled or unused pics\egypt\IMGA0029.JPG
700=C:\Program Files (x86)/Mediterranean Cruise Adventure\unfiled or unused pics\egypt\IMGA0030.JPG
701=C:\Program Files (x86)/Mediterranean Cruise Adventure\unfiled or unused pics\egypt\IMGA0031.JPG
702=C:\Program Files (x86)/Mediterranean Cruise Adventure\unfiled or unused pics\egypt\IMGA0033.JPG
703=C:\Program Files (x86)/Mediterranean Cruise Adventure\unfiled or unused pics\egypt\IMGA0035.JPG
704=C:\Program Files (x86)/Mediterranean Cruise Adventure\unfiled or unused pics\egypt\IMGA0037.JPG
705=C:\Program Files (x86)/Mediterranean Cruise Adventure\unfiled or unused pics\egypt\IMGA0038.JPG
706=C:\Program Files (x86)/Mediterranean Cruise Adventure\unfiled or unused pics\egypt\IMGA0040.JPG
707=C:\Program Files (x86)/Mediterranean Cruise Adventure\unfiled or unused pics\egypt\IMGA0043.JPG
708=C:\Program Files (x86)/Mediterranean Cruise Adventure\unfiled or unused pics\egypt\IMGA0045.JPG
709=C:\Program Files (x86)/Mediterranean Cruise Adventure\unfiled or unused pics\egypt\IMGA0049.JPG
710=C:\Program Files (x86)/Mediterranean Cruise Adventure\unfiled or unused pics\egypt\IMGA0051.JPG
711=C:\Program Files (x86)/Mediterranean Cruise Adventure\unfiled or unused pics\egypt\IMGA0053.JPG
712=C:\Program Files (x86)/Mediterranean Cruise Adventure\unfiled or unused pics\egypt\IMGA0054.JPG
713=C:\Program Files (x86)/Mediterranean Cruise Adventure\unfiled or unused pics\egypt\IMGA0055.JPG
714=C:\Program Files (x86)/Mediterranean Cruise Adventure\unfiled or unused pics\egypt\IMGA0056.JPG
715=C:\Program Files (x86)/Mediterranean Cruise Adventure\unfiled or unused pics\egypt\IMGA0057.JPG
716=C:\Program Files (x86)/Mediterranean Cruise Adventure\unfiled or unused pics\egypt\IMGA0059.JPG
717=C:\Program Files (x86)/Mediterranean Cruise Adventure\unfiled or unused pics\egypt\IMGA0060.JPG
718=C:\Program Files (x86)/Mediterranean Cruise Adventure\unfiled or unused pics\egypt\IMGA0061.JPG
719=C:\Program Files (x86)/Mediterranean Cruise Adventure\unfiled or unused pics\egypt\IMGA0062.JPG
720=C:\Program Files (x86)/Mediterranean Cruise Adventure\unfiled or unused pics\egypt\IMGA0063.JPG
721=C:\Program Files (x86)/Mediterranean Cruise Adventure\unfiled or unused pics\egypt\IMGA0064.JPG
722=C:\Program Files (x86)/Mediterranean Cruise Adventure\unfiled or unused pics\egypt\IMGA0065.JPG
723=C:\Program Files (x86)/Mediterranean Cruise Adventure\unfiled or unused pics\egypt\IMGA0066.JPG
724=C:\Program Files (x86)/Mediterranean Cruise Adventure\unfiled or unused pics\egypt\IMGA0068.JPG
725=C:\Program Files (x86)/Mediterranean Cruise Adventure\unfiled or unused pics\egypt\IMGA0070.JPG
726=C:\Program Files (x86)/Mediterranean Cruise Adventure\unfiled or unused pics\egypt\IMGA0071.JPG
727=C:\Program Files (x86)/Mediterranean Cruise Adventure\unfiled or unused pics\egypt\IMGA0075.JPG
728=C:\Program Files (x86)/Mediterranean Cruise Adventure\unfiled or unused pics\egypt\IMGA0079.JPG
729=C:\Program Files (x86)/Mediterranean Cruise Adventure\unfiled or unused pics\egypt\IMGA0080.JPG
730=C:\Program Files (x86)/Mediterranean Cruise Adventure\unfiled or unused pics\egypt\IMGA0081.JPG
731=C:\Program Files (x86)/Mediterranean Cruise Adventure\unfiled or unused pics\egypt\IMGA0082.JPG
732=C:\Program Files (x86)/Mediterranean Cruise Adventure\unfiled or unused pics\egypt\IMGA0083.JPG
733=C:\Program Files (x86)/Mediterranean Cruise Adventure\unfiled or unused pics\egypt\IMGA0084.JPG
734=C:\Program Files (x86)/Mediterranean Cruise Adventure\unfiled or unused pics\egypt\IMGA0085.JPG
735=C:\Program Files (x86)/Mediterranean Cruise Adventure\unfiled or unused pics\egypt\IMGA0086.JPG
736=C:\Program Files (x86)/Mediterranean Cruise Adventure\unfiled or unused pics\egypt\IMGA0087.JPG
737=C:\Program Files (x86)/Mediterranean Cruise Adventure\unfiled or unused pics\egypt\IMGA0088.JPG
738=C:\Program Files (x86)/Mediterranean Cruise Adventure\unfiled or unused pics\egypt\IMGA0089.JPG
739=C:\Program Files (x86)/Mediterranean Cruise Adventure\unfiled or unused pics\~food\IMGA0003.JPG
740=C:\Program Files (x86)/Mediterranean Cruise Adventure\unfiled or unused pics\~food\IMGA0002.JPG
741=C:\Program Files (x86)/Mediterranean Cruise Adventure\unfiled or unused pics\~food\IMGA0001.JPG
742=C:\Program Files (x86)/Mediterranean Cruise Adventure\unfiled or unused pics\~food\IMGA0007.JPG
743=C:\Program Files (x86)/Mediterranean Cruise Adventure\unfiled or unused pics\~food\IMGA0008.JPG
744=C:\Program Files (x86)/Mediterranean Cruise Adventure\unfiled or unused pics\~food\IMGA0009.JPG
745=C:\Program Files (x86)/Mediterranean Cruise Adventure\unfiled or unused pics\~food\IMGA0010.JPG
746=C:\Program Files (x86)/Mediterranean Cruise Adventure\unfiled or unused pics\~food\IMGA0011.JPG
747=C:\Program Files (x86)/Mediterranean Cruise Adventure\unfiled or unused pics\~food\IMGA0012.JPG
748=C:\Program Files (x86)/Mediterranean Cruise Adventure\unfiled or unused pics\~food\IMGA0013.JPG
749=C:\Program Files (x86)/Mediterranean Cruise Adventure\unfiled or unused pics\~food\IMGA0014.JPG
750=C:\Program Files (x86)/Mediterranean Cruise Adventure\unfiled or unused pics\~food\IMGA0015.JPG
751=C:\Program Files (x86)/Mediterranean Cruise Adventure\unfiled or unused pics\~food\food.jpg
752=C:\Program Files (x86)/Mediterranean Cruise Adventure\unfiled or unused pics\~food\food1.jpg
753=C:\Program Files (x86)/Mediterranean Cruise Adventure\unfiled or unused pics\~rhodes\IMGA0020.JPG
754=C:\Program Files (x86)/Mediterranean Cruise Adventure\unfiled or unused pics\~rhodes\IMGA0021.JPG
755=C:\Program Files (x86)/Mediterranean Cruise Adventure\unfiled or unused pics\~rhodes\IMGA0022.JPG
756=C:\Program Files (x86)/Mediterranean Cruise Adventure\unfiled or unused pics\~rhodes\IMGA0023.JPG
757=C:\Program Files (x86)/Mediterranean Cruise Adventure\unfiled or unused pics\~rhodes\IMGA0031.JPG
758=C:\Program Files (x86)/Mediterranean Cruise Adventure\unfiled or unused pics\~rhodes\IMGA0032.JPG
759=C:\Program Files (x86)/Mediterranean Cruise Adventure\unfiled or unused pics\~rhodes\IMGA0033.JPG
760=C:\Program Files (x86)/Mediterranean Cruise Adventure\unfiled or unused pics\~rhodes\IMGA0034.JPG
761=C:\Program Files (x86)/Mediterranean Cruise Adventure\unfiled or unused pics\~rhodes\IMGA0035.JPG
762=C:\Program Files (x86)/Mediterranean Cruise Adventure\unfiled or unused pics\~rhodes\IMGA0036.JPG
763=C:\Program Files (x86)/Mediterranean Cruise Adventure\unfiled or unused pics\~rhodes\IMGA0037.JPG
764=C:\Program Files (x86)/Mediterranean Cruise Adventure\unfiled or unused pics\~rhodes\IMGA0039.JPG
765=C:\Program Files (x86)/Mediterranean Cruise Adventure\unfiled or unused pics\~rhodes\IMGA0040.JPG
766=C:\Program Files (x86)/Mediterranean Cruise Adventure\unfiled or unused pics\~rhodes\IMGA0041.JPG
767=C:\Program Files (x86)/Mediterranean Cruise Adventure\unfiled or unused pics\~rhodes\IMGA0042.JPG
768=C:\Program Files (x86)/Mediterranean Cruise Adventure\unfiled or unused pics\~rhodes\IMGA0043.JPG
769=C:\Program Files (x86)/Mediterranean Cruise Adventure\unfiled or unused pics\~rhodes\IMGA0044.JPG
770=C:\Program Files (x86)/Mediterranean Cruise Adventure\unfiled or unused pics\~rhodes\IMGA0046.JPG
771=C:\Program Files (x86)/Mediterranean Cruise Adventure\unfiled or unused pics\~rhodes\IMGA0002.JPG
772=C:\Program Files (x86)/Mediterranean Cruise Adventure\unfiled or unused pics\~rhodes\IMGA0003.JPG
773=C:\Program Files (x86)/Mediterranean Cruise Adventure\unfiled or unused pics\~rhodes\Imga0038.jpg
774=C:\Program Files (x86)/Mediterranean Cruise Adventure\unfiled or unused pics\isreal\IMGA0001.JPG
775=C:\Program Files (x86)/Mediterranean Cruise Adventure\unfiled or unused pics\isreal\IMGA0002.JPG
776=C:\Program Files (x86)/Mediterranean Cruise Adventure\unfiled or unused pics\isreal\IMGA0003.JPG
777=C:\Program Files (x86)/Mediterranean Cruise Adventure\unfiled or unused pics\isreal\IMGA0004.JPG
778=C:\Program Files (x86)/Mediterranean Cruise Adventure\unfiled or unused pics\isreal\IMGA0010.JPG
779=C:\Program Files (x86)/Mediterranean Cruise Adventure\unfiled or unused pics\isreal\IMGA0011.JPG
780=C:\Program Files (x86)/Mediterranean Cruise Adventure\unfiled or unused pics\isreal\IMGA0014.JPG
781=C:\Program Files (x86)/Mediterranean Cruise Adventure\unfiled or unused pics\isreal\IMGA0021.JPG
782=C:\Program Files (x86)/Mediterranean Cruise Adventure\unfiled or unused pics\isreal\IMGA0025.JPG
783=C:\Program Files (x86)/Mediterranean Cruise Adventure\unfiled or unused pics\isreal\IMGA0026.JPG
784=C:\Program Files (x86)/Mediterranean Cruise Adventure\unfiled or unused pics\isreal\IMGA0027.JPG
785=C:\Program Files (x86)/Mediterranean Cruise Adventure\unfiled or unused pics\isreal\IMGA0028.JPG
786=C:\Program Files (x86)/Mediterranean Cruise Adventure\unfiled or unused pics\isreal\IMGA0029.JPG
787=C:\Program Files (x86)/Mediterranean Cruise Adventure\unfiled or unused pics\isreal\IMGA0031.JPG
788=C:\Program Files (x86)/Mediterranean Cruise Adventure\unfiled or unused pics\isreal\IMGA0032.JPG
789=C:\Program Files (x86)/Mediterranean Cruise Adventure\unfiled or unused pics\isreal\IMGA0034.JPG
790=C:\Program Files (x86)/Mediterranean Cruise Adventure\unfiled or unused pics\isreal\IMGA0036.JPG
791=C:\Program Files (x86)/Mediterranean Cruise Adventure\unfiled or unused pics\isreal\IMGA0037.JPG
792=C:\Program Files (x86)/Mediterranean Cruise Adventure\unfiled or unused pics\isreal\IMGA0039.JPG
793=C:\Program Files (x86)/Mediterranean Cruise Adventure\unfiled or unused pics\isreal\IMGA0040.JPG
794=C:\Program Files (x86)/Mediterranean Cruise Adventure\unfiled or unused pics\isreal\IMGA0041.JPG
795=C:\Program Files (x86)/Mediterranean Cruise Adventure\unfiled or unused pics\isreal\IMGA0042.JPG
796=C:\Program Files (x86)/Mediterranean Cruise Adventure\unfiled or unused pics\isreal\IMGA0043.JPG
797=C:\Program Files (x86)/Mediterranean Cruise Adventure\unfiled or unused pics\isreal\IMGA0046.JPG
798=C:\Program Files (x86)/Mediterranean Cruise Adventure\unfiled or unused pics\isreal\IMGA0047.JPG
799=C:\Program Files (x86)/Mediterranean Cruise Adventure\unfiled or unused pics\isreal\IMGA0048.JPG
800=C:\Program Files (x86)/Mediterranean Cruise Adventure\unfiled or unused pics\isreal\IMGA0049.JPG
801=C:\Program Files (x86)/Mediterranean Cruise Adventure\unfiled or unused pics\isreal\IMGA0050.JPG
802=C:\Program Files (x86)/Mediterranean Cruise Adventure\unfiled or unused pics\isreal\IMGA0051.JPG
803=C:\Program Files (x86)/Mediterranean Cruise Adventure\unfiled or unused pics\isreal\IMGA0052.JPG
804=C:\Program Files (x86)/Mediterranean Cruise Adventure\unfiled or unused pics\isreal\IMGA0053.JPG
805=C:\Program Files (x86)/Mediterranean Cruise Adventure\unfiled or unused pics\isreal\IMGA0054.JPG
806=C:\Program Files (x86)/Mediterranean Cruise Adventure\unfiled or unused pics\isreal\IMGA0055.JPG
807=C:\Program Files (x86)/Mediterranean Cruise Adventure\unfiled or unused pics\isreal\IMGA0056.JPG
808=C:\Program Files (x86)/Mediterranean Cruise Adventure\unfiled or unused pics\isreal\IMGA0057.JPG
809=C:\Program Files (x86)/Mediterranean Cruise Adventure\unfiled or unused pics\isreal\IMGA0058.JPG
810=C:\Program Files (x86)/Mediterranean Cruise Adventure\unfiled or unused pics\isreal\IMGA0059.JPG
811=C:\Program Files (x86)/Mediterranean Cruise Adventure\unfiled or unused pics\athens\IMGA0003.JPG
812=C:\Program Files (x86)/Mediterranean Cruise Adventure\unfiled or unused pics\athens\IMGA0008.JPG
813=C:\Program Files (x86)/Mediterranean Cruise Adventure\unfiled or unused pics\athens\IMGA0011.JPG
814=C:\Program Files (x86)/Mediterranean Cruise Adventure\unfiled or unused pics\athens\IMGA0012.JPG
815=C:\Program Files (x86)/Mediterranean Cruise Adventure\unfiled or unused pics\athens\IMGA0013.JPG
816=C:\Program Files (x86)/Mediterranean Cruise Adventure\unfiled or unused pics\athens\IMGA0014.JPG
817=C:\Program Files (x86)/Mediterranean Cruise Adventure\unfiled or unused pics\athens\IMGA0015.JPG
818=C:\Program Files (x86)/Mediterranean Cruise Adventure\unfiled or unused pics\athens\IMGA0016.JPG
819=C:\Program Files (x86)/Mediterranean Cruise Adventure\unfiled or unused pics\athens\IMGA0018.JPG
820=C:\Program Files (x86)/Mediterranean Cruise Adventure\unfiled or unused pics\athens\IMGA0019.JPG
821=C:\Program Files (x86)/Mediterranean Cruise Adventure\unfiled or unused pics\athens\IMGA0020.JPG
822=C:\Program Files (x86)/Mediterranean Cruise Adventure\unfiled or unused pics\athens\IMGA0023.JPG
823=C:\Program Files (x86)/Mediterranean Cruise Adventure\unfiled or unused pics\athens\IMGA0024.JPG
824=C:\Program Files (x86)/Mediterranean Cruise Adventure\unfiled or unused pics\athens\IMGA0025.JPG
825=C:\Program Files (x86)/Mediterranean Cruise Adventure\unfiled or unused pics\athens\IMGA0026.JPG
826=C:\Program Files (x86)/Mediterranean Cruise Adventure\unfiled or unused pics\athens\IMGA0027.JPG
827=C:\Program Files (x86)/Mediterranean Cruise Adventure\unfiled or unused pics\athens\IMGA0028.JPG
828=C:\Program Files (x86)/Mediterranean Cruise Adventure\unfiled or unused pics\athens\IMGA0029.JPG
829=C:\Program Files (x86)/Mediterranean Cruise Adventure\unfiled or unused pics\athens\IMGA0031.JPG
830=C:\Program Files (x86)/Mediterranean Cruise Adventure\unfiled or unused pics\athens\IMGA0032.JPG
831=C:\Program Files (x86)/Mediterranean Cruise Adventure\unfiled or unused pics\athens\IMGA0033.JPG
832=C:\Program Files (x86)/Mediterranean Cruise Adventure\unfiled or unused pics\athens\IMGA0034.JPG
833=C:\Program Files (x86)/Mediterranean Cruise Adventure\unfiled or unused pics\athens\IMGA0036.JPG
834=C:\Program Files (x86)/Mediterranean Cruise Adventure\unfiled or unused pics\athens\IMGA0037.JPG
835=C:\Program Files (x86)/Mediterranean Cruise Adventure\unfiled or unused pics\athens\IMGA0041.JPG
836=C:\Program Files (x86)/Mediterranean Cruise Adventure\unfiled or unused pics\athens\IMGA0044.JPG
837=C:\Program Files (x86)/Mediterranean Cruise Adventure\unfiled or unused pics\athens\IMGA0045.JPG
838=C:\Program Files (x86)/Mediterranean Cruise Adventure\unfiled or unused pics\athens\IMGA0045_1.JPG
839=C:\Program Files (x86)/Mediterranean Cruise Adventure\unfiled or unused pics\athens\IMGA0046.JPG
840=C:\Program Files (x86)/Mediterranean Cruise Adventure\unfiled or unused pics\athens\IMGA0047.JPG
841=C:\Program Files (x86)/Mediterranean Cruise Adventure\unfiled or unused pics\athens\IMGA0048.JPG
842=C:\Program Files (x86)/Mediterranean Cruise Adventure\unfiled or unused pics\athens\IMGA0049.JPG
843=C:\Program Files (x86)/Mediterranean Cruise Adventure\unfiled or unused pics\athens\IMGA0050.JPG
844=C:\Program Files (x86)/Mediterranean Cruise Adventure\unfiled or unused pics\athens\IMGA0051.JPG
845=C:\Program Files (x86)/Mediterranean Cruise Adventure\unfiled or unused pics\athens\IMGA0052.JPG
846=C:\Program Files (x86)/Mediterranean Cruise Adventure\unfiled or unused pics\athens\IMGA0053.JPG
847=C:\Program Files (x86)/Mediterranean Cruise Adventure\unfiled or unused pics\athens\IMGA0054.JPG
848=C:\Program Files (x86)/Mediterranean Cruise Adventure\unfiled or unused pics\~santorini\IMGA0001.JPG
849=C:\Program Files (x86)/Mediterranean Cruise Adventure\unfiled or unused pics\~santorini\IMGA0002.JPG
850=C:\Program Files (x86)/Mediterranean Cruise Adventure\unfiled or unused pics\~santorini\IMGA0003.JPG
851=C:\Program Files (x86)/Mediterranean Cruise Adventure\unfiled or unused pics\~santorini\IMGA0004.JPG
852=C:\Program Files (x86)/Mediterranean Cruise Adventure\unfiled or unused pics\~santorini\IMGA0006.JPG
853=C:\Program Files (x86)/Mediterranean Cruise Adventure\unfiled or unused pics\~santorini\IMGA0007.JPG
854=C:\Program Files (x86)/Mediterranean Cruise Adventure\unfiled or unused pics\~santorini\IMGA0008.JPG
855=C:\Program Files (x86)/Mediterranean Cruise Adventure\unfiled or unused pics\~santorini\IMGA0009.JPG
856=C:\Program Files (x86)/Mediterranean Cruise Adventure\unfiled or unused pics\~santorini\IMGA0010.JPG
857=C:\Program Files (x86)/Mediterranean Cruise Adventure\unfiled or unused pics\~santorini\IMGA0011.JPG
858=C:\Program Files (x86)/Mediterranean Cruise Adventure\unfiled or unused pics\~santorini\IMGA0012.JPG
859=C:\Program Files (x86)/Mediterranean Cruise Adventure\unfiled or unused pics\~santorini\IMGA0013.JPG
860=C:\Program Files (x86)/Mediterranean Cruise Adventure\unfiled or unused pics\~santorini\IMGA0014.JPG
861=C:\Program Files (x86)/Mediterranean Cruise Adventure\unfiled or unused pics\~santorini\IMGA0015.JPG
862=C:\Program Files (x86)/Mediterranean Cruise Adventure\unfiled or unused pics\~santorini\IMGA0016.JPG
863=C:\Program Files (x86)/Mediterranean Cruise Adventure\unfiled or unused pics\~ephesus\IMGA0001.JPG
864=C:\Program Files (x86)/Mediterranean Cruise Adventure\unfiled or unused pics\~ephesus\IMGA0001_1.JPG
865=C:\Program Files (x86)/Mediterranean Cruise Adventure\unfiled or unused pics\~ephesus\IMGA0002.JPG
866=C:\Program Files (x86)/Mediterranean Cruise Adventure\unfiled or unused pics\~ephesus\IMGA0002_1.JPG
867=C:\Program Files (x86)/Mediterranean Cruise Adventure\unfiled or unused pics\~ephesus\IMGA0003.JPG
868=C:\Program Files (x86)/Mediterranean Cruise Adventure\unfiled or unused pics\~ephesus\IMGA0004.JPG
869=C:\Program Files (x86)/Mediterranean Cruise Adventure\unfiled or unused pics\~ephesus\IMGA0005.JPG
870=C:\Program Files (x86)/Mediterranean Cruise Adventure\unfiled or unused pics\~ephesus\IMGA0006.JPG
871=C:\Program Files (x86)/Mediterranean Cruise Adventure\unfiled or unused pics\~ephesus\IMGA0007.JPG
872=C:\Program Files (x86)/Mediterranean Cruise Adventure\unfiled or unused pics\~ephesus\IMGA0008.JPG
873=C:\Program Files (x86)/Mediterranean Cruise Adventure\unfiled or unused pics\~ephesus\IMGA0009.JPG
874=C:\Program Files (x86)/Mediterranean Cruise Adventure\unfiled or unused pics\~ephesus\Imga0010.jpg
875=C:\Program Files (x86)/Mediterranean Cruise Adventure\unfiled or unused pics\~ephesus\IMGA0011.JPG
876=C:\Program Files (x86)/Mediterranean Cruise Adventure\unfiled or unused pics\~ephesus\IMGA0012.JPG
877=C:\Program Files (x86)/Mediterranean Cruise Adventure\unfiled or unused pics\~ephesus\IMGA0013.JPG
878=C:\Program Files (x86)/Mediterranean Cruise Adventure\unfiled or unused pics\~ephesus\IMGA0014.JPG
879=C:\Program Files (x86)/Mediterranean Cruise Adventure\unfiled or unused pics\~ephesus\IMGA0015.JPG
880=C:\Program Files (x86)/Mediterranean Cruise Adventure\unfiled or unused pics\~ephesus\IMGA0016.JPG
881=C:\Program Files (x86)/Mediterranean Cruise Adventure\unfiled or unused pics\~ephesus\IMGA0025.JPG
882=C:\Program Files (x86)/Mediterranean Cruise Adventure\unfiled or unused pics\~ephesus\IMGA0030.JPG
883=C:\Program Files (x86)/Mediterranean Cruise Adventure\unfiled or unused pics\~ephesus\ephesus.txt
884=C:\Program Files (x86)/Mediterranean Cruise Adventure\unfiled or unused pics\~ephesus\Coin Backs.jpg
885=C:\Program Files (x86)/Mediterranean Cruise Adventure\unfiled or unused pics\~ephesus\Eight Coin Faces.jpg
886=C:\Program Files (x86)/Mediterranean Cruise Adventure\ashdod.html
887=C:\Program Files (x86)/Mediterranean Cruise Adventure\athens.html
888=C:\Program Files (x86)/Mediterranean Cruise Adventure\bingoday.html
889=C:\Program Files (x86)/Mediterranean Cruise Adventure\coins.html
890=C:\Program Files (x86)/Mediterranean Cruise Adventure\comewithme.ico
891=C:\Program Files (x86)/Mediterranean Cruise Adventure\conclusion.html
892=C:\Program Files (x86)/Mediterranean Cruise Adventure\cruise.html
893=C:\Program Files (x86)/Mediterranean Cruise Adventure\cruisefood.html
894=C:\Program Files (x86)/Mediterranean Cruise Adventure\egypt.html
895=C:\Program Files (x86)/Mediterranean Cruise Adventure\grouplist.html
896=C:\Program Files (x86)/Mediterranean Cruise Adventure\haifa.html
897=C:\Program Files (x86)/Mediterranean Cruise Adventure\index.html
898=C:\Program Files (x86)/Mediterranean Cruise Adventure\istanbul.html
899=C:\Program Files (x86)/Mediterranean Cruise Adventure\istanbulopinions.html
900=C:\Program Files (x86)/Mediterranean Cruise Adventure\itinerary.html
901=C:\Program Files (x86)/Mediterranean Cruise Adventure\itinerary_doc.zip
902=C:\Program Files (x86)/Mediterranean Cruise Adventure\itinerary_txt.zip
903=C:\Program Files (x86)/Mediterranean Cruise Adventure\kusadasi.html
904=C:\Program Files (x86)/Mediterranean Cruise Adventure\nepal.html
905=C:\Program Files (x86)/Mediterranean Cruise Adventure\nepalpics.zip
906=C:\Program Files (x86)/Mediterranean Cruise Adventure\pacificprincess.html
907=C:\Program Files (x86)/Mediterranean Cruise Adventure\preface.html
908=C:\Program Files (x86)/Mediterranean Cruise Adventure\rhodes.html
909=C:\Program Files (x86)/Mediterranean Cruise Adventure\santorini.html
910=C:\Program Files (x86)/Mediterranean Cruise Adventure\seaday.html
911=C:\Program Files (x86)/Mediterranean Cruise Adventure\secondsphinx.html
912=C:\Program Files (x86)/Mediterranean Cruise Adventure\stats.txt
913=C:\Program Files (x86)/Mediterranean Cruise Adventure\turkishmoney.html
914=C:\Program Files (x86)/Mediterranean Cruise Adventure\xsource.js
915=C:\ProgramData\Microsoft\Windows\Start Menu\Programs\Mediterranean Cruise Adventure\Webpage Preface.lnk
916=C:\ProgramData\Microsoft\Windows\Start Menu\Programs\Mediterranean Cruise Adventure\Nathan @ Nepal.lnk
917=C:\ProgramData\Microsoft\Windows\Start Menu\Programs\Mediterranean Cruise Adventure\Mediterranean Cruise Adventure.lnk
918=C:\ProgramData\Microsoft\Windows\Start Menu\Programs\Mediterranean Cruise Adventure\Remove Mediterranean Cruise Adventure.lnk
[Shortcuts]
0=C:\Users\jbiev\Desktop\MEDITE~1.LNK
[Strings]
IDS_STRING1=Are you sure you want to completely remove the selected application and all of its components?
IDS_STRING2=Confirm File Deletion
IDS_STRING3=The system indicates that the following shared file is no longer used by any programs.
IDS_STRING4=Remove Shared File?
IDS_STRING5=Uninstall successfully completed.
IDS_STRING6=Uninstall
IDS_STRING7=If any programs are still using this file and it is removed, those programs may not function. Are you sure you want to remove the shared file?
IDS_STRING8=Uninstall was partially successful.
IDS_ADMINPRIVILEGESNEEDED=Administrative privileges are needed to uninstall this software.
IDS_YES=&Yes
IDS_NO=&No
IDS_YESTOALL=Yes to &All
IDS_REMOVINGFILE=Removing File:
